C:\USERS\RMILLER\DESKTOP\QUARTER8\C++\LABS\GAMESKELETON\CSC190RYAN_MILLER\GAMESOLUTION\GAME\DEBUG\VC110.PDB
C:\USERS\RMILLER\DESKTOP\QUARTER8\C++\LABS\GAMESKELETON\CSC190RYAN_MILLER\GAMESOLUTION\GAME\DEBUG\GAMEOBJECT.OBJ
C:\USERS\RMILLER\DESKTOP\QUARTER8\C++\LABS\GAMESKELETON\CSC190RYAN_MILLER\GAMESOLUTION\GAME\DEBUG\HEROSHIP.OBJ
C:\USERS\RMILLER\DESKTOP\QUARTER8\C++\LABS\GAMESKELETON\CSC190RYAN_MILLER\GAMESOLUTION\GAME\DEBUG\UTILITIES.OBJ
C:\USERS\RMILLER\DESKTOP\QUARTER8\C++\LABS\GAMESKELETON\CSC190RYAN_MILLER\GAMESOLUTION\GAME\DEBUG\ARBITRARYBOUNCEOPTION.OBJ
C:\USERS\RMILLER\DESKTOP\QUARTER8\C++\LABS\GAMESKELETON\CSC190RYAN_MILLER\GAMESOLUTION\GAME\DEBUG\BOUNCEOPTION.OBJ
C:\USERS\RMILLER\DESKTOP\QUARTER8\C++\LABS\GAMESKELETON\CSC190RYAN_MILLER\GAMESOLUTION\GAME\DEBUG\BOUNDSOPTION.OBJ
C:\USERS\RMILLER\DESKTOP\QUARTER8\C++\LABS\GAMESKELETON\CSC190RYAN_MILLER\GAMESOLUTION\GAME\DEBUG\LERPER.OBJ
C:\USERS\RMILLER\DESKTOP\QUARTER8\C++\LABS\GAMESKELETON\CSC190RYAN_MILLER\GAMESOLUTION\GAME\DEBUG\SHAPE.OBJ
C:\USERS\RMILLER\DESKTOP\QUARTER8\C++\LABS\GAMESKELETON\CSC190RYAN_MILLER\GAMESOLUTION\GAME\DEBUG\WRAPOPTION.OBJ
C:\USERS\RMILLER\DESKTOP\QUARTER8\C++\LABS\GAMESKELETON\CSC190RYAN_MILLER\GAMESOLUTION\GAME\DEBUG\MAIN.OBJ
C:\USERS\RMILLER\DESKTOP\QUARTER8\C++\LABS\GAMESKELETON\CSC190RYAN_MILLER\GAMESOLUTION\GAME\DEBUG\TURRET.OBJ
C:\USERS\RMILLER\DESKTOP\QUARTER8\C++\LABS\GAMESKELETON\CSC190RYAN_MILLER\GAMESOLUTION\GAME\DEBUG\RECURSIVEROTATION.OBJ
C:\USERS\RMILLER\DESKTOP\QUARTER8\C++\LABS\GAMESKELETON\CSC190RYAN_MILLER\GAMESOLUTION\GAME\DEBUG\MISSILE.OBJ
C:\USERS\RMILLER\DESKTOP\QUARTER8\C++\LABS\GAMESKELETON\CSC190RYAN_MILLER\GAMESOLUTION\GAME\DEBUG\GAME.OBJ
C:\USERS\RMILLER\DESKTOP\QUARTER8\C++\LABS\GAMESKELETON\CSC190RYAN_MILLER\GAMESOLUTION\GAME\DEBUG\PARTICLE.OBJ
C:\USERS\RMILLER\DESKTOP\QUARTER8\C++\LABS\GAMESKELETON\CSC190RYAN_MILLER\GAMESOLUTION\GAME\DEBUG\PARTICLEMANAGER.OBJ
C:\USERS\RMILLER\DESKTOP\QUARTER8\C++\LABS\GAMESKELETON\CSC190RYAN_MILLER\GAMESOLUTION\GAME\DEBUG\RANDOMGENERATOR.OBJ
C:\USERS\RMILLER\DESKTOP\QUARTER8\C++\LABS\GAMESKELETON\CSC190RYAN_MILLER\GAMESOLUTION\GAME\DEBUG\PARTICLEEFFECT.OBJ
C:\USERS\RMILLER\DESKTOP\QUARTER8\C++\LABS\GAMESKELETON\CSC190RYAN_MILLER\GAMESOLUTION\GAME\DEBUG\EXPLOSIONPARTICLEEFFECT.OBJ
C:\USERS\RMILLER\DESKTOP\QUARTER8\C++\LABS\GAMESKELETON\CSC190RYAN_MILLER\GAMESOLUTION\GAME\DEBUG\PARTICLEEFFECTMANAGER.OBJ
C:\USERS\RMILLER\DESKTOP\QUARTER8\C++\LABS\GAMESKELETON\CSC190RYAN_MILLER\GAMESOLUTION\GAME\DEBUG\SQUAREPARTICLE.OBJ
C:\USERS\RMILLER\DESKTOP\QUARTER8\C++\LABS\GAMESKELETON\CSC190RYAN_MILLER\GAMESOLUTION\GAME\DEBUG\COLOR.OBJ
C:\USERS\RMILLER\DESKTOP\QUARTER8\C++\LABS\GAMESKELETON\CSC190RYAN_MILLER\GAMESOLUTION\GAME\DEBUG\DOTPARTICLE.OBJ
C:\USERS\RMILLER\DESKTOP\QUARTER8\C++\LABS\GAMESKELETON\CSC190RYAN_MILLER\GAMESOLUTION\GAME\DEBUG\FOUNTAINPARTICLEEFFECT.OBJ
C:\USERS\RMILLER\DESKTOP\QUARTER8\C++\LABS\GAMESKELETON\CSC190RYAN_MILLER\GAMESOLUTION\GAME\DEBUG\PROFILER.OBJ
C:\USERS\RMILLER\DESKTOP\QUARTER8\C++\LABS\GAMESKELETON\CSC190RYAN_MILLER\GAMESOLUTION\GAME\DEBUG\TIMER.OBJ
C:\USERS\RMILLER\DESKTOP\QUARTER8\C++\LABS\GAMESKELETON\CSC190RYAN_MILLER\GAMESOLUTION\GAME\DEBUG\ENEMYMANAGER.OBJ
C:\USERS\RMILLER\DESKTOP\QUARTER8\C++\LABS\GAMESKELETON\CSC190RYAN_MILLER\GAMESOLUTION\GAME\DEBUG\ENEMYSHIP.OBJ
C:\USERS\RMILLER\DESKTOP\QUARTER8\C++\LABS\GAMESKELETON\CSC190RYAN_MILLER\GAMESOLUTION\GAME\DEBUG\MYMATHUTIL.OBJ
C:\USERS\RMILLER\DESKTOP\QUARTER8\C++\LABS\GAMESKELETON\CSC190RYAN_MILLER\GAMESOLUTION\GAME\DEBUG\SHAPEBUILDER.OBJ
C:\USERS\RMILLER\DESKTOP\QUARTER8\C++\LABS\GAMESKELETON\CSC190RYAN_MILLER\GAMESOLUTION\GAME\DEBUG\BEAMSHAPE.OBJ
C:\USERS\RMILLER\DESKTOP\QUARTER8\C++\LABS\GAMESKELETON\CSC190RYAN_MILLER\GAMESOLUTION\GAME\DEBUG\LOGGER.OBJ
C:\USERS\RMILLER\DESKTOP\QUARTER8\C++\LABS\GAMESKELETON\CSC190RYAN_MILLER\GAMESOLUTION\GAME\DEBUG\BOSS.OBJ
C:\USERS\RMILLER\DESKTOP\QUARTER8\C++\LABS\GAMESKELETON\CSC190RYAN_MILLER\GAMESOLUTION\GAME\DEBUG\BASICTURRET.OBJ
C:\USERS\RMILLER\DESKTOP\QUARTER8\C++\LABS\GAMESKELETON\CSC190RYAN_MILLER\GAMESOLUTION\GAME\DEBUG\BOSSEYE.OBJ
C:\USERS\RMILLER\DESKTOP\QUARTER8\C++\LABS\GAMESKELETON\CSC190RYAN_MILLER\GAMESOLUTION\GAME\DEBUG\COLLIDEABLE.OBJ
C:\USERS\RMILLER\DESKTOP\QUARTER8\C++\LABS\GAMESKELETON\CSC190RYAN_MILLER\GAMESOLUTION\GAME\DEBUG\BOSSTURRET.OBJ
C:\Users\rmiller\Desktop\Quarter8\C++\Labs\GameSkeleton\CSC190Ryan_Miller\GameSolution\Debug\Game.lib
C:\Users\rmiller\Desktop\Quarter8\C++\Labs\GameSkeleton\CSC190Ryan_Miller\GameSolution\Debug\Game.exp
C:\USERS\RMILLER\DESKTOP\QUARTER8\C++\LABS\GAMESKELETON\CSC190RYAN_MILLER\GAMESOLUTION\DEBUG\GAME.ILK
C:\USERS\RMILLER\DESKTOP\QUARTER8\C++\LABS\GAMESKELETON\CSC190RYAN_MILLER\GAMESOLUTION\DEBUG\GAME.EXE
C:\USERS\RMILLER\DESKTOP\QUARTER8\C++\LABS\GAMESKELETON\CSC190RYAN_MILLER\GAMESOLUTION\DEBUG\GAME.PDB
C:\Users\rmiller\Desktop\Quarter8\C++\Labs\GameSkeleton\CSC190Ryan_Miller\GameSolution\Game\Debug\ArbitraryBounceOption.obj
C:\Users\rmiller\Desktop\Quarter8\C++\Labs\GameSkeleton\CSC190Ryan_Miller\GameSolution\Game\Debug\BasicTurret.obj
C:\Users\rmiller\Desktop\Quarter8\C++\Labs\GameSkeleton\CSC190Ryan_Miller\GameSolution\Game\Debug\BeamShape.obj
C:\Users\rmiller\Desktop\Quarter8\C++\Labs\GameSkeleton\CSC190Ryan_Miller\GameSolution\Game\Debug\BossEye.obj
C:\Users\rmiller\Desktop\Quarter8\C++\Labs\GameSkeleton\CSC190Ryan_Miller\GameSolution\Game\Debug\BossTurret.obj
C:\Users\rmiller\Desktop\Quarter8\C++\Labs\GameSkeleton\CSC190Ryan_Miller\GameSolution\Game\Debug\BounceOption.obj
C:\Users\rmiller\Desktop\Quarter8\C++\Labs\GameSkeleton\CSC190Ryan_Miller\GameSolution\Game\Debug\BoundsOption.obj
C:\Users\rmiller\Desktop\Quarter8\C++\Labs\GameSkeleton\CSC190Ryan_Miller\GameSolution\Game\Debug\Color.obj
C:\Users\rmiller\Desktop\Quarter8\C++\Labs\GameSkeleton\CSC190Ryan_Miller\GameSolution\Game\Debug\DotParticle.obj
C:\Users\rmiller\Desktop\Quarter8\C++\Labs\GameSkeleton\CSC190Ryan_Miller\GameSolution\Game\Debug\EnemyManager.obj
C:\Users\rmiller\Desktop\Quarter8\C++\Labs\GameSkeleton\CSC190Ryan_Miller\GameSolution\Game\Debug\EnemyShip.obj
C:\Users\rmiller\Desktop\Quarter8\C++\Labs\GameSkeleton\CSC190Ryan_Miller\GameSolution\Game\Debug\ExplosionParticleEffect.obj
C:\Users\rmiller\Desktop\Quarter8\C++\Labs\GameSkeleton\CSC190Ryan_Miller\GameSolution\Game\Debug\FountainParticleEffect.obj
C:\Users\rmiller\Desktop\Quarter8\C++\Labs\GameSkeleton\CSC190Ryan_Miller\GameSolution\Game\Debug\Game.obj
C:\Users\rmiller\Desktop\Quarter8\C++\Labs\GameSkeleton\CSC190Ryan_Miller\GameSolution\Game\Debug\GameObject.obj
C:\Users\rmiller\Desktop\Quarter8\C++\Labs\GameSkeleton\CSC190Ryan_Miller\GameSolution\Game\Debug\HeroShip.obj
C:\Users\rmiller\Desktop\Quarter8\C++\Labs\GameSkeleton\CSC190Ryan_Miller\GameSolution\Game\Debug\Lerper.obj
C:\Users\rmiller\Desktop\Quarter8\C++\Labs\GameSkeleton\CSC190Ryan_Miller\GameSolution\Game\Debug\Logger.obj
C:\Users\rmiller\Desktop\Quarter8\C++\Labs\GameSkeleton\CSC190Ryan_Miller\GameSolution\Game\Debug\main.obj
C:\Users\rmiller\Desktop\Quarter8\C++\Labs\GameSkeleton\CSC190Ryan_Miller\GameSolution\Game\Debug\Missile.obj
C:\Users\rmiller\Desktop\Quarter8\C++\Labs\GameSkeleton\CSC190Ryan_Miller\GameSolution\Game\Debug\MyMathUtil.obj
C:\Users\rmiller\Desktop\Quarter8\C++\Labs\GameSkeleton\CSC190Ryan_Miller\GameSolution\Game\Debug\Particle.obj
C:\Users\rmiller\Desktop\Quarter8\C++\Labs\GameSkeleton\CSC190Ryan_Miller\GameSolution\Game\Debug\ParticleEffect.obj
C:\Users\rmiller\Desktop\Quarter8\C++\Labs\GameSkeleton\CSC190Ryan_Miller\GameSolution\Game\Debug\ParticleEffectManager.obj
C:\Users\rmiller\Desktop\Quarter8\C++\Labs\GameSkeleton\CSC190Ryan_Miller\GameSolution\Game\Debug\ParticleManager.obj
C:\Users\rmiller\Desktop\Quarter8\C++\Labs\GameSkeleton\CSC190Ryan_Miller\GameSolution\Game\Debug\Profiler.obj
C:\Users\rmiller\Desktop\Quarter8\C++\Labs\GameSkeleton\CSC190Ryan_Miller\GameSolution\Game\Debug\RandomGenerator.obj
C:\Users\rmiller\Desktop\Quarter8\C++\Labs\GameSkeleton\CSC190Ryan_Miller\GameSolution\Game\Debug\RecursiveRotation.obj
C:\Users\rmiller\Desktop\Quarter8\C++\Labs\GameSkeleton\CSC190Ryan_Miller\GameSolution\Game\Debug\Shape.obj
C:\Users\rmiller\Desktop\Quarter8\C++\Labs\GameSkeleton\CSC190Ryan_Miller\GameSolution\Game\Debug\ShapeBuilder.obj
C:\Users\rmiller\Desktop\Quarter8\C++\Labs\GameSkeleton\CSC190Ryan_Miller\GameSolution\Game\Debug\SquareParticle.obj
C:\Users\rmiller\Desktop\Quarter8\C++\Labs\GameSkeleton\CSC190Ryan_Miller\GameSolution\Game\Debug\Timer.obj
C:\Users\rmiller\Desktop\Quarter8\C++\Labs\GameSkeleton\CSC190Ryan_Miller\GameSolution\Game\Debug\Turret.obj
C:\Users\rmiller\Desktop\Quarter8\C++\Labs\GameSkeleton\CSC190Ryan_Miller\GameSolution\Game\Debug\Utilities.obj
C:\Users\rmiller\Desktop\Quarter8\C++\Labs\GameSkeleton\CSC190Ryan_Miller\GameSolution\Game\Debug\WrapOption.obj
C:\Users\rmiller\Desktop\Quarter8\C++\Labs\GameSkeleton\CSC190Ryan_Miller\GameSolution\Game\Debug\cl.command.1.tlog
C:\Users\rmiller\Desktop\Quarter8\C++\Labs\GameSkeleton\CSC190Ryan_Miller\GameSolution\Game\Debug\CL.read.1.tlog
C:\Users\rmiller\Desktop\Quarter8\C++\Labs\GameSkeleton\CSC190Ryan_Miller\GameSolution\Game\Debug\CL.write.1.tlog
C:\Users\rmiller\Desktop\Quarter8\C++\Labs\GameSkeleton\CSC190Ryan_Miller\GameSolution\Game\Debug\Game.write.1.tlog
C:\Users\rmiller\Desktop\Quarter8\C++\Labs\GameSkeleton\CSC190Ryan_Miller\GameSolution\Game\Debug\link-cvtres.read.1.tlog
C:\Users\rmiller\Desktop\Quarter8\C++\Labs\GameSkeleton\CSC190Ryan_Miller\GameSolution\Game\Debug\link-cvtres.write.1.tlog
C:\Users\rmiller\Desktop\Quarter8\C++\Labs\GameSkeleton\CSC190Ryan_Miller\GameSolution\Game\Debug\link-rc.read.1.tlog
C:\Users\rmiller\Desktop\Quarter8\C++\Labs\GameSkeleton\CSC190Ryan_Miller\GameSolution\Game\Debug\link-rc.write.1.tlog
C:\Users\rmiller\Desktop\Quarter8\C++\Labs\GameSkeleton\CSC190Ryan_Miller\GameSolution\Game\Debug\link.10076-cvtres.read.1.tlog
C:\Users\rmiller\Desktop\Quarter8\C++\Labs\GameSkeleton\CSC190Ryan_Miller\GameSolution\Game\Debug\link.10076-cvtres.write.1.tlog
C:\Users\rmiller\Desktop\Quarter8\C++\Labs\GameSkeleton\CSC190Ryan_Miller\GameSolution\Game\Debug\link.10076-rc.read.1.tlog
C:\Users\rmiller\Desktop\Quarter8\C++\Labs\GameSkeleton\CSC190Ryan_Miller\GameSolution\Game\Debug\link.10076-rc.write.1.tlog
C:\Users\rmiller\Desktop\Quarter8\C++\Labs\GameSkeleton\CSC190Ryan_Miller\GameSolution\Game\Debug\link.10076.read.1.tlog
C:\Users\rmiller\Desktop\Quarter8\C++\Labs\GameSkeleton\CSC190Ryan_Miller\GameSolution\Game\Debug\link.10076.write.1.tlog
C:\Users\rmiller\Desktop\Quarter8\C++\Labs\GameSkeleton\CSC190Ryan_Miller\GameSolution\Game\Debug\link.10172-cvtres.read.1.tlog
C:\Users\rmiller\Desktop\Quarter8\C++\Labs\GameSkeleton\CSC190Ryan_Miller\GameSolution\Game\Debug\link.10172-cvtres.write.1.tlog
C:\Users\rmiller\Desktop\Quarter8\C++\Labs\GameSkeleton\CSC190Ryan_Miller\GameSolution\Game\Debug\link.10172-rc.read.1.tlog
C:\Users\rmiller\Desktop\Quarter8\C++\Labs\GameSkeleton\CSC190Ryan_Miller\GameSolution\Game\Debug\link.10172-rc.write.1.tlog
C:\Users\rmiller\Desktop\Quarter8\C++\Labs\GameSkeleton\CSC190Ryan_Miller\GameSolution\Game\Debug\link.10172.read.1.tlog
C:\Users\rmiller\Desktop\Quarter8\C++\Labs\GameSkeleton\CSC190Ryan_Miller\GameSolution\Game\Debug\link.10172.write.1.tlog
C:\Users\rmiller\Desktop\Quarter8\C++\Labs\GameSkeleton\CSC190Ryan_Miller\GameSolution\Game\Debug\link.10264-cvtres.read.1.tlog
C:\Users\rmiller\Desktop\Quarter8\C++\Labs\GameSkeleton\CSC190Ryan_Miller\GameSolution\Game\Debug\link.10264-cvtres.write.1.tlog
C:\Users\rmiller\Desktop\Quarter8\C++\Labs\GameSkeleton\CSC190Ryan_Miller\GameSolution\Game\Debug\link.10264-rc.read.1.tlog
C:\Users\rmiller\Desktop\Quarter8\C++\Labs\GameSkeleton\CSC190Ryan_Miller\GameSolution\Game\Debug\link.10264-rc.write.1.tlog
C:\Users\rmiller\Desktop\Quarter8\C++\Labs\GameSkeleton\CSC190Ryan_Miller\GameSolution\Game\Debug\link.10264.read.1.tlog
C:\Users\rmiller\Desktop\Quarter8\C++\Labs\GameSkeleton\CSC190Ryan_Miller\GameSolution\Game\Debug\link.10264.write.1.tlog
C:\Users\rmiller\Desktop\Quarter8\C++\Labs\GameSkeleton\CSC190Ryan_Miller\GameSolution\Game\Debug\link.10332-cvtres.read.1.tlog
C:\Users\rmiller\Desktop\Quarter8\C++\Labs\GameSkeleton\CSC190Ryan_Miller\GameSolution\Game\Debug\link.10332-cvtres.write.1.tlog
C:\Users\rmiller\Desktop\Quarter8\C++\Labs\GameSkeleton\CSC190Ryan_Miller\GameSolution\Game\Debug\link.10332-rc.read.1.tlog
C:\Users\rmiller\Desktop\Quarter8\C++\Labs\GameSkeleton\CSC190Ryan_Miller\GameSolution\Game\Debug\link.10332-rc.write.1.tlog
C:\Users\rmiller\Desktop\Quarter8\C++\Labs\GameSkeleton\CSC190Ryan_Miller\GameSolution\Game\Debug\link.10332.read.1.tlog
C:\Users\rmiller\Desktop\Quarter8\C++\Labs\GameSkeleton\CSC190Ryan_Miller\GameSolution\Game\Debug\link.10332.write.1.tlog
C:\Users\rmiller\Desktop\Quarter8\C++\Labs\GameSkeleton\CSC190Ryan_Miller\GameSolution\Game\Debug\link.10400-cvtres.read.1.tlog
C:\Users\rmiller\Desktop\Quarter8\C++\Labs\GameSkeleton\CSC190Ryan_Miller\GameSolution\Game\Debug\link.10400-cvtres.write.1.tlog
C:\Users\rmiller\Desktop\Quarter8\C++\Labs\GameSkeleton\CSC190Ryan_Miller\GameSolution\Game\Debug\link.10400-rc.read.1.tlog
C:\Users\rmiller\Desktop\Quarter8\C++\Labs\GameSkeleton\CSC190Ryan_Miller\GameSolution\Game\Debug\link.10400-rc.write.1.tlog
C:\Users\rmiller\Desktop\Quarter8\C++\Labs\GameSkeleton\CSC190Ryan_Miller\GameSolution\Game\Debug\link.10400.read.1.tlog
C:\Users\rmiller\Desktop\Quarter8\C++\Labs\GameSkeleton\CSC190Ryan_Miller\GameSolution\Game\Debug\link.10400.write.1.tlog
C:\Users\rmiller\Desktop\Quarter8\C++\Labs\GameSkeleton\CSC190Ryan_Miller\GameSolution\Game\Debug\link.10424-cvtres.read.1.tlog
C:\Users\rmiller\Desktop\Quarter8\C++\Labs\GameSkeleton\CSC190Ryan_Miller\GameSolution\Game\Debug\link.10424-cvtres.write.1.tlog
C:\Users\rmiller\Desktop\Quarter8\C++\Labs\GameSkeleton\CSC190Ryan_Miller\GameSolution\Game\Debug\link.10424-rc.read.1.tlog
C:\Users\rmiller\Desktop\Quarter8\C++\Labs\GameSkeleton\CSC190Ryan_Miller\GameSolution\Game\Debug\link.10424-rc.write.1.tlog
C:\Users\rmiller\Desktop\Quarter8\C++\Labs\GameSkeleton\CSC190Ryan_Miller\GameSolution\Game\Debug\link.10424.read.1.tlog
C:\Users\rmiller\Desktop\Quarter8\C++\Labs\GameSkeleton\CSC190Ryan_Miller\GameSolution\Game\Debug\link.10424.write.1.tlog
C:\Users\rmiller\Desktop\Quarter8\C++\Labs\GameSkeleton\CSC190Ryan_Miller\GameSolution\Game\Debug\link.10872-cvtres.read.1.tlog
C:\Users\rmiller\Desktop\Quarter8\C++\Labs\GameSkeleton\CSC190Ryan_Miller\GameSolution\Game\Debug\link.10872-cvtres.write.1.tlog
C:\Users\rmiller\Desktop\Quarter8\C++\Labs\GameSkeleton\CSC190Ryan_Miller\GameSolution\Game\Debug\link.10872-rc.read.1.tlog
C:\Users\rmiller\Desktop\Quarter8\C++\Labs\GameSkeleton\CSC190Ryan_Miller\GameSolution\Game\Debug\link.10872-rc.write.1.tlog
C:\Users\rmiller\Desktop\Quarter8\C++\Labs\GameSkeleton\CSC190Ryan_Miller\GameSolution\Game\Debug\link.10872.read.1.tlog
C:\Users\rmiller\Desktop\Quarter8\C++\Labs\GameSkeleton\CSC190Ryan_Miller\GameSolution\Game\Debug\link.10872.write.1.tlog
C:\Users\rmiller\Desktop\Quarter8\C++\Labs\GameSkeleton\CSC190Ryan_Miller\GameSolution\Game\Debug\link.10936-cvtres.read.1.tlog
C:\Users\rmiller\Desktop\Quarter8\C++\Labs\GameSkeleton\CSC190Ryan_Miller\GameSolution\Game\Debug\link.10936-cvtres.write.1.tlog
C:\Users\rmiller\Desktop\Quarter8\C++\Labs\GameSkeleton\CSC190Ryan_Miller\GameSolution\Game\Debug\link.10936-rc.read.1.tlog
C:\Users\rmiller\Desktop\Quarter8\C++\Labs\GameSkeleton\CSC190Ryan_Miller\GameSolution\Game\Debug\link.10936-rc.write.1.tlog
C:\Users\rmiller\Desktop\Quarter8\C++\Labs\GameSkeleton\CSC190Ryan_Miller\GameSolution\Game\Debug\link.10936.read.1.tlog
C:\Users\rmiller\Desktop\Quarter8\C++\Labs\GameSkeleton\CSC190Ryan_Miller\GameSolution\Game\Debug\link.10936.write.1.tlog
C:\Users\rmiller\Desktop\Quarter8\C++\Labs\GameSkeleton\CSC190Ryan_Miller\GameSolution\Game\Debug\link.10944-cvtres.read.1.tlog
C:\Users\rmiller\Desktop\Quarter8\C++\Labs\GameSkeleton\CSC190Ryan_Miller\GameSolution\Game\Debug\link.10944-cvtres.write.1.tlog
C:\Users\rmiller\Desktop\Quarter8\C++\Labs\GameSkeleton\CSC190Ryan_Miller\GameSolution\Game\Debug\link.10944-rc.read.1.tlog
C:\Users\rmiller\Desktop\Quarter8\C++\Labs\GameSkeleton\CSC190Ryan_Miller\GameSolution\Game\Debug\link.10944-rc.write.1.tlog
C:\Users\rmiller\Desktop\Quarter8\C++\Labs\GameSkeleton\CSC190Ryan_Miller\GameSolution\Game\Debug\link.10944.read.1.tlog
C:\Users\rmiller\Desktop\Quarter8\C++\Labs\GameSkeleton\CSC190Ryan_Miller\GameSolution\Game\Debug\link.10944.write.1.tlog
C:\Users\rmiller\Desktop\Quarter8\C++\Labs\GameSkeleton\CSC190Ryan_Miller\GameSolution\Game\Debug\link.11084-cvtres.read.1.tlog
C:\Users\rmiller\Desktop\Quarter8\C++\Labs\GameSkeleton\CSC190Ryan_Miller\GameSolution\Game\Debug\link.11084-cvtres.write.1.tlog
C:\Users\rmiller\Desktop\Quarter8\C++\Labs\GameSkeleton\CSC190Ryan_Miller\GameSolution\Game\Debug\link.11084-rc.read.1.tlog
C:\Users\rmiller\Desktop\Quarter8\C++\Labs\GameSkeleton\CSC190Ryan_Miller\GameSolution\Game\Debug\link.11084-rc.write.1.tlog
C:\Users\rmiller\Desktop\Quarter8\C++\Labs\GameSkeleton\CSC190Ryan_Miller\GameSolution\Game\Debug\link.11084.read.1.tlog
C:\Users\rmiller\Desktop\Quarter8\C++\Labs\GameSkeleton\CSC190Ryan_Miller\GameSolution\Game\Debug\link.11084.write.1.tlog
C:\Users\rmiller\Desktop\Quarter8\C++\Labs\GameSkeleton\CSC190Ryan_Miller\GameSolution\Game\Debug\link.11184-cvtres.read.1.tlog
C:\Users\rmiller\Desktop\Quarter8\C++\Labs\GameSkeleton\CSC190Ryan_Miller\GameSolution\Game\Debug\link.11184-cvtres.write.1.tlog
C:\Users\rmiller\Desktop\Quarter8\C++\Labs\GameSkeleton\CSC190Ryan_Miller\GameSolution\Game\Debug\link.11184-rc.read.1.tlog
C:\Users\rmiller\Desktop\Quarter8\C++\Labs\GameSkeleton\CSC190Ryan_Miller\GameSolution\Game\Debug\link.11184-rc.write.1.tlog
C:\Users\rmiller\Desktop\Quarter8\C++\Labs\GameSkeleton\CSC190Ryan_Miller\GameSolution\Game\Debug\link.11184.read.1.tlog
C:\Users\rmiller\Desktop\Quarter8\C++\Labs\GameSkeleton\CSC190Ryan_Miller\GameSolution\Game\Debug\link.11184.write.1.tlog
C:\Users\rmiller\Desktop\Quarter8\C++\Labs\GameSkeleton\CSC190Ryan_Miller\GameSolution\Game\Debug\link.11516-cvtres.read.1.tlog
C:\Users\rmiller\Desktop\Quarter8\C++\Labs\GameSkeleton\CSC190Ryan_Miller\GameSolution\Game\Debug\link.11516-cvtres.write.1.tlog
C:\Users\rmiller\Desktop\Quarter8\C++\Labs\GameSkeleton\CSC190Ryan_Miller\GameSolution\Game\Debug\link.11516-rc.read.1.tlog
C:\Users\rmiller\Desktop\Quarter8\C++\Labs\GameSkeleton\CSC190Ryan_Miller\GameSolution\Game\Debug\link.11516-rc.write.1.tlog
C:\Users\rmiller\Desktop\Quarter8\C++\Labs\GameSkeleton\CSC190Ryan_Miller\GameSolution\Game\Debug\link.11516.read.1.tlog
C:\Users\rmiller\Desktop\Quarter8\C++\Labs\GameSkeleton\CSC190Ryan_Miller\GameSolution\Game\Debug\link.11516.write.1.tlog
C:\Users\rmiller\Desktop\Quarter8\C++\Labs\GameSkeleton\CSC190Ryan_Miller\GameSolution\Game\Debug\link.12216-cvtres.read.1.tlog
C:\Users\rmiller\Desktop\Quarter8\C++\Labs\GameSkeleton\CSC190Ryan_Miller\GameSolution\Game\Debug\link.12216-cvtres.write.1.tlog
C:\Users\rmiller\Desktop\Quarter8\C++\Labs\GameSkeleton\CSC190Ryan_Miller\GameSolution\Game\Debug\link.12216-rc.read.1.tlog
C:\Users\rmiller\Desktop\Quarter8\C++\Labs\GameSkeleton\CSC190Ryan_Miller\GameSolution\Game\Debug\link.12216-rc.write.1.tlog
C:\Users\rmiller\Desktop\Quarter8\C++\Labs\GameSkeleton\CSC190Ryan_Miller\GameSolution\Game\Debug\link.12216.read.1.tlog
C:\Users\rmiller\Desktop\Quarter8\C++\Labs\GameSkeleton\CSC190Ryan_Miller\GameSolution\Game\Debug\link.12216.write.1.tlog
C:\Users\rmiller\Desktop\Quarter8\C++\Labs\GameSkeleton\CSC190Ryan_Miller\GameSolution\Game\Debug\link.12588-cvtres.read.1.tlog
C:\Users\rmiller\Desktop\Quarter8\C++\Labs\GameSkeleton\CSC190Ryan_Miller\GameSolution\Game\Debug\link.12588-cvtres.write.1.tlog
C:\Users\rmiller\Desktop\Quarter8\C++\Labs\GameSkeleton\CSC190Ryan_Miller\GameSolution\Game\Debug\link.12588-rc.read.1.tlog
C:\Users\rmiller\Desktop\Quarter8\C++\Labs\GameSkeleton\CSC190Ryan_Miller\GameSolution\Game\Debug\link.12588-rc.write.1.tlog
C:\Users\rmiller\Desktop\Quarter8\C++\Labs\GameSkeleton\CSC190Ryan_Miller\GameSolution\Game\Debug\link.12588.read.1.tlog
C:\Users\rmiller\Desktop\Quarter8\C++\Labs\GameSkeleton\CSC190Ryan_Miller\GameSolution\Game\Debug\link.12588.write.1.tlog
C:\Users\rmiller\Desktop\Quarter8\C++\Labs\GameSkeleton\CSC190Ryan_Miller\GameSolution\Game\Debug\link.12652-cvtres.read.1.tlog
C:\Users\rmiller\Desktop\Quarter8\C++\Labs\GameSkeleton\CSC190Ryan_Miller\GameSolution\Game\Debug\link.12652-cvtres.write.1.tlog
C:\Users\rmiller\Desktop\Quarter8\C++\Labs\GameSkeleton\CSC190Ryan_Miller\GameSolution\Game\Debug\link.12652-rc.read.1.tlog
C:\Users\rmiller\Desktop\Quarter8\C++\Labs\GameSkeleton\CSC190Ryan_Miller\GameSolution\Game\Debug\link.12652-rc.write.1.tlog
C:\Users\rmiller\Desktop\Quarter8\C++\Labs\GameSkeleton\CSC190Ryan_Miller\GameSolution\Game\Debug\link.12652.read.1.tlog
C:\Users\rmiller\Desktop\Quarter8\C++\Labs\GameSkeleton\CSC190Ryan_Miller\GameSolution\Game\Debug\link.12652.write.1.tlog
C:\Users\rmiller\Desktop\Quarter8\C++\Labs\GameSkeleton\CSC190Ryan_Miller\GameSolution\Game\Debug\link.12916-cvtres.read.1.tlog
C:\Users\rmiller\Desktop\Quarter8\C++\Labs\GameSkeleton\CSC190Ryan_Miller\GameSolution\Game\Debug\link.12916-cvtres.write.1.tlog
C:\Users\rmiller\Desktop\Quarter8\C++\Labs\GameSkeleton\CSC190Ryan_Miller\GameSolution\Game\Debug\link.12916-rc.read.1.tlog
C:\Users\rmiller\Desktop\Quarter8\C++\Labs\GameSkeleton\CSC190Ryan_Miller\GameSolution\Game\Debug\link.12916-rc.write.1.tlog
C:\Users\rmiller\Desktop\Quarter8\C++\Labs\GameSkeleton\CSC190Ryan_Miller\GameSolution\Game\Debug\link.12916.read.1.tlog
C:\Users\rmiller\Desktop\Quarter8\C++\Labs\GameSkeleton\CSC190Ryan_Miller\GameSolution\Game\Debug\link.12916.write.1.tlog
C:\Users\rmiller\Desktop\Quarter8\C++\Labs\GameSkeleton\CSC190Ryan_Miller\GameSolution\Game\Debug\link.12952-cvtres.read.1.tlog
C:\Users\rmiller\Desktop\Quarter8\C++\Labs\GameSkeleton\CSC190Ryan_Miller\GameSolution\Game\Debug\link.12952-cvtres.write.1.tlog
C:\Users\rmiller\Desktop\Quarter8\C++\Labs\GameSkeleton\CSC190Ryan_Miller\GameSolution\Game\Debug\link.12952-rc.read.1.tlog
C:\Users\rmiller\Desktop\Quarter8\C++\Labs\GameSkeleton\CSC190Ryan_Miller\GameSolution\Game\Debug\link.12952-rc.write.1.tlog
C:\Users\rmiller\Desktop\Quarter8\C++\Labs\GameSkeleton\CSC190Ryan_Miller\GameSolution\Game\Debug\link.12952.read.1.tlog
C:\Users\rmiller\Desktop\Quarter8\C++\Labs\GameSkeleton\CSC190Ryan_Miller\GameSolution\Game\Debug\link.12952.write.1.tlog
C:\Users\rmiller\Desktop\Quarter8\C++\Labs\GameSkeleton\CSC190Ryan_Miller\GameSolution\Game\Debug\link.13096-cvtres.read.1.tlog
C:\Users\rmiller\Desktop\Quarter8\C++\Labs\GameSkeleton\CSC190Ryan_Miller\GameSolution\Game\Debug\link.13096-cvtres.write.1.tlog
C:\Users\rmiller\Desktop\Quarter8\C++\Labs\GameSkeleton\CSC190Ryan_Miller\GameSolution\Game\Debug\link.13096-rc.read.1.tlog
C:\Users\rmiller\Desktop\Quarter8\C++\Labs\GameSkeleton\CSC190Ryan_Miller\GameSolution\Game\Debug\link.13096-rc.write.1.tlog
C:\Users\rmiller\Desktop\Quarter8\C++\Labs\GameSkeleton\CSC190Ryan_Miller\GameSolution\Game\Debug\link.13096.read.1.tlog
C:\Users\rmiller\Desktop\Quarter8\C++\Labs\GameSkeleton\CSC190Ryan_Miller\GameSolution\Game\Debug\link.13096.write.1.tlog
C:\Users\rmiller\Desktop\Quarter8\C++\Labs\GameSkeleton\CSC190Ryan_Miller\GameSolution\Game\Debug\link.13196-cvtres.read.1.tlog
C:\Users\rmiller\Desktop\Quarter8\C++\Labs\GameSkeleton\CSC190Ryan_Miller\GameSolution\Game\Debug\link.13196-cvtres.write.1.tlog
C:\Users\rmiller\Desktop\Quarter8\C++\Labs\GameSkeleton\CSC190Ryan_Miller\GameSolution\Game\Debug\link.13196-rc.read.1.tlog
C:\Users\rmiller\Desktop\Quarter8\C++\Labs\GameSkeleton\CSC190Ryan_Miller\GameSolution\Game\Debug\link.13196-rc.write.1.tlog
C:\Users\rmiller\Desktop\Quarter8\C++\Labs\GameSkeleton\CSC190Ryan_Miller\GameSolution\Game\Debug\link.13196.read.1.tlog
C:\Users\rmiller\Desktop\Quarter8\C++\Labs\GameSkeleton\CSC190Ryan_Miller\GameSolution\Game\Debug\link.13196.write.1.tlog
C:\Users\rmiller\Desktop\Quarter8\C++\Labs\GameSkeleton\CSC190Ryan_Miller\GameSolution\Game\Debug\link.13684-cvtres.read.1.tlog
C:\Users\rmiller\Desktop\Quarter8\C++\Labs\GameSkeleton\CSC190Ryan_Miller\GameSolution\Game\Debug\link.13684-cvtres.write.1.tlog
C:\Users\rmiller\Desktop\Quarter8\C++\Labs\GameSkeleton\CSC190Ryan_Miller\GameSolution\Game\Debug\link.13684-rc.read.1.tlog
C:\Users\rmiller\Desktop\Quarter8\C++\Labs\GameSkeleton\CSC190Ryan_Miller\GameSolution\Game\Debug\link.13684-rc.write.1.tlog
C:\Users\rmiller\Desktop\Quarter8\C++\Labs\GameSkeleton\CSC190Ryan_Miller\GameSolution\Game\Debug\link.13684.read.1.tlog
C:\Users\rmiller\Desktop\Quarter8\C++\Labs\GameSkeleton\CSC190Ryan_Miller\GameSolution\Game\Debug\link.13684.write.1.tlog
C:\Users\rmiller\Desktop\Quarter8\C++\Labs\GameSkeleton\CSC190Ryan_Miller\GameSolution\Game\Debug\link.13764-cvtres.read.1.tlog
C:\Users\rmiller\Desktop\Quarter8\C++\Labs\GameSkeleton\CSC190Ryan_Miller\GameSolution\Game\Debug\link.13764-cvtres.write.1.tlog
C:\Users\rmiller\Desktop\Quarter8\C++\Labs\GameSkeleton\CSC190Ryan_Miller\GameSolution\Game\Debug\link.13764-rc.read.1.tlog
C:\Users\rmiller\Desktop\Quarter8\C++\Labs\GameSkeleton\CSC190Ryan_Miller\GameSolution\Game\Debug\link.13764-rc.write.1.tlog
C:\Users\rmiller\Desktop\Quarter8\C++\Labs\GameSkeleton\CSC190Ryan_Miller\GameSolution\Game\Debug\link.13764.read.1.tlog
C:\Users\rmiller\Desktop\Quarter8\C++\Labs\GameSkeleton\CSC190Ryan_Miller\GameSolution\Game\Debug\link.13764.write.1.tlog
C:\Users\rmiller\Desktop\Quarter8\C++\Labs\GameSkeleton\CSC190Ryan_Miller\GameSolution\Game\Debug\link.13800-cvtres.read.1.tlog
C:\Users\rmiller\Desktop\Quarter8\C++\Labs\GameSkeleton\CSC190Ryan_Miller\GameSolution\Game\Debug\link.13800-cvtres.write.1.tlog
C:\Users\rmiller\Desktop\Quarter8\C++\Labs\GameSkeleton\CSC190Ryan_Miller\GameSolution\Game\Debug\link.13800-rc.read.1.tlog
C:\Users\rmiller\Desktop\Quarter8\C++\Labs\GameSkeleton\CSC190Ryan_Miller\GameSolution\Game\Debug\link.13800-rc.write.1.tlog
C:\Users\rmiller\Desktop\Quarter8\C++\Labs\GameSkeleton\CSC190Ryan_Miller\GameSolution\Game\Debug\link.13800.read.1.tlog
C:\Users\rmiller\Desktop\Quarter8\C++\Labs\GameSkeleton\CSC190Ryan_Miller\GameSolution\Game\Debug\link.13800.write.1.tlog
C:\Users\rmiller\Desktop\Quarter8\C++\Labs\GameSkeleton\CSC190Ryan_Miller\GameSolution\Game\Debug\link.13872-cvtres.read.1.tlog
C:\Users\rmiller\Desktop\Quarter8\C++\Labs\GameSkeleton\CSC190Ryan_Miller\GameSolution\Game\Debug\link.13872-cvtres.write.1.tlog
C:\Users\rmiller\Desktop\Quarter8\C++\Labs\GameSkeleton\CSC190Ryan_Miller\GameSolution\Game\Debug\link.13872-rc.read.1.tlog
C:\Users\rmiller\Desktop\Quarter8\C++\Labs\GameSkeleton\CSC190Ryan_Miller\GameSolution\Game\Debug\link.13872-rc.write.1.tlog
C:\Users\rmiller\Desktop\Quarter8\C++\Labs\GameSkeleton\CSC190Ryan_Miller\GameSolution\Game\Debug\link.13872.read.1.tlog
C:\Users\rmiller\Desktop\Quarter8\C++\Labs\GameSkeleton\CSC190Ryan_Miller\GameSolution\Game\Debug\link.13872.write.1.tlog
C:\Users\rmiller\Desktop\Quarter8\C++\Labs\GameSkeleton\CSC190Ryan_Miller\GameSolution\Game\Debug\link.13936-cvtres.read.1.tlog
C:\Users\rmiller\Desktop\Quarter8\C++\Labs\GameSkeleton\CSC190Ryan_Miller\GameSolution\Game\Debug\link.13936-cvtres.write.1.tlog
C:\Users\rmiller\Desktop\Quarter8\C++\Labs\GameSkeleton\CSC190Ryan_Miller\GameSolution\Game\Debug\link.13936-rc.read.1.tlog
C:\Users\rmiller\Desktop\Quarter8\C++\Labs\GameSkeleton\CSC190Ryan_Miller\GameSolution\Game\Debug\link.13936-rc.write.1.tlog
C:\Users\rmiller\Desktop\Quarter8\C++\Labs\GameSkeleton\CSC190Ryan_Miller\GameSolution\Game\Debug\link.13936.read.1.tlog
C:\Users\rmiller\Desktop\Quarter8\C++\Labs\GameSkeleton\CSC190Ryan_Miller\GameSolution\Game\Debug\link.13936.write.1.tlog
C:\Users\rmiller\Desktop\Quarter8\C++\Labs\GameSkeleton\CSC190Ryan_Miller\GameSolution\Game\Debug\link.13972-cvtres.read.1.tlog
C:\Users\rmiller\Desktop\Quarter8\C++\Labs\GameSkeleton\CSC190Ryan_Miller\GameSolution\Game\Debug\link.13972-cvtres.write.1.tlog
C:\Users\rmiller\Desktop\Quarter8\C++\Labs\GameSkeleton\CSC190Ryan_Miller\GameSolution\Game\Debug\link.13972-rc.read.1.tlog
C:\Users\rmiller\Desktop\Quarter8\C++\Labs\GameSkeleton\CSC190Ryan_Miller\GameSolution\Game\Debug\link.13972-rc.write.1.tlog
C:\Users\rmiller\Desktop\Quarter8\C++\Labs\GameSkeleton\CSC190Ryan_Miller\GameSolution\Game\Debug\link.13972.read.1.tlog
C:\Users\rmiller\Desktop\Quarter8\C++\Labs\GameSkeleton\CSC190Ryan_Miller\GameSolution\Game\Debug\link.13972.write.1.tlog
C:\Users\rmiller\Desktop\Quarter8\C++\Labs\GameSkeleton\CSC190Ryan_Miller\GameSolution\Game\Debug\link.14416-cvtres.read.1.tlog
C:\Users\rmiller\Desktop\Quarter8\C++\Labs\GameSkeleton\CSC190Ryan_Miller\GameSolution\Game\Debug\link.14416-cvtres.write.1.tlog
C:\Users\rmiller\Desktop\Quarter8\C++\Labs\GameSkeleton\CSC190Ryan_Miller\GameSolution\Game\Debug\link.14416-rc.read.1.tlog
C:\Users\rmiller\Desktop\Quarter8\C++\Labs\GameSkeleton\CSC190Ryan_Miller\GameSolution\Game\Debug\link.14416-rc.write.1.tlog
C:\Users\rmiller\Desktop\Quarter8\C++\Labs\GameSkeleton\CSC190Ryan_Miller\GameSolution\Game\Debug\link.14416.read.1.tlog
C:\Users\rmiller\Desktop\Quarter8\C++\Labs\GameSkeleton\CSC190Ryan_Miller\GameSolution\Game\Debug\link.14416.write.1.tlog
C:\Users\rmiller\Desktop\Quarter8\C++\Labs\GameSkeleton\CSC190Ryan_Miller\GameSolution\Game\Debug\link.14572-cvtres.read.1.tlog
C:\Users\rmiller\Desktop\Quarter8\C++\Labs\GameSkeleton\CSC190Ryan_Miller\GameSolution\Game\Debug\link.14572-cvtres.write.1.tlog
C:\Users\rmiller\Desktop\Quarter8\C++\Labs\GameSkeleton\CSC190Ryan_Miller\GameSolution\Game\Debug\link.14572-rc.read.1.tlog
C:\Users\rmiller\Desktop\Quarter8\C++\Labs\GameSkeleton\CSC190Ryan_Miller\GameSolution\Game\Debug\link.14572-rc.write.1.tlog
C:\Users\rmiller\Desktop\Quarter8\C++\Labs\GameSkeleton\CSC190Ryan_Miller\GameSolution\Game\Debug\link.14572.read.1.tlog
C:\Users\rmiller\Desktop\Quarter8\C++\Labs\GameSkeleton\CSC190Ryan_Miller\GameSolution\Game\Debug\link.14572.write.1.tlog
C:\Users\rmiller\Desktop\Quarter8\C++\Labs\GameSkeleton\CSC190Ryan_Miller\GameSolution\Game\Debug\link.14772-cvtres.read.1.tlog
C:\Users\rmiller\Desktop\Quarter8\C++\Labs\GameSkeleton\CSC190Ryan_Miller\GameSolution\Game\Debug\link.14772-cvtres.write.1.tlog
C:\Users\rmiller\Desktop\Quarter8\C++\Labs\GameSkeleton\CSC190Ryan_Miller\GameSolution\Game\Debug\link.14772-rc.read.1.tlog
C:\Users\rmiller\Desktop\Quarter8\C++\Labs\GameSkeleton\CSC190Ryan_Miller\GameSolution\Game\Debug\link.14772-rc.write.1.tlog
C:\Users\rmiller\Desktop\Quarter8\C++\Labs\GameSkeleton\CSC190Ryan_Miller\GameSolution\Game\Debug\link.14772.read.1.tlog
C:\Users\rmiller\Desktop\Quarter8\C++\Labs\GameSkeleton\CSC190Ryan_Miller\GameSolution\Game\Debug\link.14772.write.1.tlog
C:\Users\rmiller\Desktop\Quarter8\C++\Labs\GameSkeleton\CSC190Ryan_Miller\GameSolution\Game\Debug\link.15080-cvtres.read.1.tlog
C:\Users\rmiller\Desktop\Quarter8\C++\Labs\GameSkeleton\CSC190Ryan_Miller\GameSolution\Game\Debug\link.15080-cvtres.write.1.tlog
C:\Users\rmiller\Desktop\Quarter8\C++\Labs\GameSkeleton\CSC190Ryan_Miller\GameSolution\Game\Debug\link.15080-rc.read.1.tlog
C:\Users\rmiller\Desktop\Quarter8\C++\Labs\GameSkeleton\CSC190Ryan_Miller\GameSolution\Game\Debug\link.15080-rc.write.1.tlog
C:\Users\rmiller\Desktop\Quarter8\C++\Labs\GameSkeleton\CSC190Ryan_Miller\GameSolution\Game\Debug\link.15080.read.1.tlog
C:\Users\rmiller\Desktop\Quarter8\C++\Labs\GameSkeleton\CSC190Ryan_Miller\GameSolution\Game\Debug\link.15080.write.1.tlog
C:\Users\rmiller\Desktop\Quarter8\C++\Labs\GameSkeleton\CSC190Ryan_Miller\GameSolution\Game\Debug\link.15204-cvtres.read.1.tlog
C:\Users\rmiller\Desktop\Quarter8\C++\Labs\GameSkeleton\CSC190Ryan_Miller\GameSolution\Game\Debug\link.15204-cvtres.write.1.tlog
C:\Users\rmiller\Desktop\Quarter8\C++\Labs\GameSkeleton\CSC190Ryan_Miller\GameSolution\Game\Debug\link.15204-rc.read.1.tlog
C:\Users\rmiller\Desktop\Quarter8\C++\Labs\GameSkeleton\CSC190Ryan_Miller\GameSolution\Game\Debug\link.15204-rc.write.1.tlog
C:\Users\rmiller\Desktop\Quarter8\C++\Labs\GameSkeleton\CSC190Ryan_Miller\GameSolution\Game\Debug\link.15204.read.1.tlog
C:\Users\rmiller\Desktop\Quarter8\C++\Labs\GameSkeleton\CSC190Ryan_Miller\GameSolution\Game\Debug\link.15204.write.1.tlog
C:\Users\rmiller\Desktop\Quarter8\C++\Labs\GameSkeleton\CSC190Ryan_Miller\GameSolution\Game\Debug\link.15508-cvtres.read.1.tlog
C:\Users\rmiller\Desktop\Quarter8\C++\Labs\GameSkeleton\CSC190Ryan_Miller\GameSolution\Game\Debug\link.15508-cvtres.write.1.tlog
C:\Users\rmiller\Desktop\Quarter8\C++\Labs\GameSkeleton\CSC190Ryan_Miller\GameSolution\Game\Debug\link.15508-rc.read.1.tlog
C:\Users\rmiller\Desktop\Quarter8\C++\Labs\GameSkeleton\CSC190Ryan_Miller\GameSolution\Game\Debug\link.15508-rc.write.1.tlog
C:\Users\rmiller\Desktop\Quarter8\C++\Labs\GameSkeleton\CSC190Ryan_Miller\GameSolution\Game\Debug\link.15508.read.1.tlog
C:\Users\rmiller\Desktop\Quarter8\C++\Labs\GameSkeleton\CSC190Ryan_Miller\GameSolution\Game\Debug\link.15508.write.1.tlog
C:\Users\rmiller\Desktop\Quarter8\C++\Labs\GameSkeleton\CSC190Ryan_Miller\GameSolution\Game\Debug\link.15616-cvtres.read.1.tlog
C:\Users\rmiller\Desktop\Quarter8\C++\Labs\GameSkeleton\CSC190Ryan_Miller\GameSolution\Game\Debug\link.15616-cvtres.write.1.tlog
C:\Users\rmiller\Desktop\Quarter8\C++\Labs\GameSkeleton\CSC190Ryan_Miller\GameSolution\Game\Debug\link.15616-rc.read.1.tlog
C:\Users\rmiller\Desktop\Quarter8\C++\Labs\GameSkeleton\CSC190Ryan_Miller\GameSolution\Game\Debug\link.15616-rc.write.1.tlog
C:\Users\rmiller\Desktop\Quarter8\C++\Labs\GameSkeleton\CSC190Ryan_Miller\GameSolution\Game\Debug\link.15616.read.1.tlog
C:\Users\rmiller\Desktop\Quarter8\C++\Labs\GameSkeleton\CSC190Ryan_Miller\GameSolution\Game\Debug\link.15616.write.1.tlog
C:\Users\rmiller\Desktop\Quarter8\C++\Labs\GameSkeleton\CSC190Ryan_Miller\GameSolution\Game\Debug\link.16400-cvtres.read.1.tlog
C:\Users\rmiller\Desktop\Quarter8\C++\Labs\GameSkeleton\CSC190Ryan_Miller\GameSolution\Game\Debug\link.16400-cvtres.write.1.tlog
C:\Users\rmiller\Desktop\Quarter8\C++\Labs\GameSkeleton\CSC190Ryan_Miller\GameSolution\Game\Debug\link.16400-rc.read.1.tlog
C:\Users\rmiller\Desktop\Quarter8\C++\Labs\GameSkeleton\CSC190Ryan_Miller\GameSolution\Game\Debug\link.16400-rc.write.1.tlog
C:\Users\rmiller\Desktop\Quarter8\C++\Labs\GameSkeleton\CSC190Ryan_Miller\GameSolution\Game\Debug\link.16400.read.1.tlog
C:\Users\rmiller\Desktop\Quarter8\C++\Labs\GameSkeleton\CSC190Ryan_Miller\GameSolution\Game\Debug\link.16400.write.1.tlog
C:\Users\rmiller\Desktop\Quarter8\C++\Labs\GameSkeleton\CSC190Ryan_Miller\GameSolution\Game\Debug\link.16460-cvtres.read.1.tlog
C:\Users\rmiller\Desktop\Quarter8\C++\Labs\GameSkeleton\CSC190Ryan_Miller\GameSolution\Game\Debug\link.16460-cvtres.write.1.tlog
C:\Users\rmiller\Desktop\Quarter8\C++\Labs\GameSkeleton\CSC190Ryan_Miller\GameSolution\Game\Debug\link.16460-rc.read.1.tlog
C:\Users\rmiller\Desktop\Quarter8\C++\Labs\GameSkeleton\CSC190Ryan_Miller\GameSolution\Game\Debug\link.16460-rc.write.1.tlog
C:\Users\rmiller\Desktop\Quarter8\C++\Labs\GameSkeleton\CSC190Ryan_Miller\GameSolution\Game\Debug\link.16460.read.1.tlog
C:\Users\rmiller\Desktop\Quarter8\C++\Labs\GameSkeleton\CSC190Ryan_Miller\GameSolution\Game\Debug\link.16460.write.1.tlog
C:\Users\rmiller\Desktop\Quarter8\C++\Labs\GameSkeleton\CSC190Ryan_Miller\GameSolution\Game\Debug\link.16996-cvtres.read.1.tlog
C:\Users\rmiller\Desktop\Quarter8\C++\Labs\GameSkeleton\CSC190Ryan_Miller\GameSolution\Game\Debug\link.16996-cvtres.write.1.tlog
C:\Users\rmiller\Desktop\Quarter8\C++\Labs\GameSkeleton\CSC190Ryan_Miller\GameSolution\Game\Debug\link.16996-rc.read.1.tlog
C:\Users\rmiller\Desktop\Quarter8\C++\Labs\GameSkeleton\CSC190Ryan_Miller\GameSolution\Game\Debug\link.16996-rc.write.1.tlog
C:\Users\rmiller\Desktop\Quarter8\C++\Labs\GameSkeleton\CSC190Ryan_Miller\GameSolution\Game\Debug\link.16996.read.1.tlog
C:\Users\rmiller\Desktop\Quarter8\C++\Labs\GameSkeleton\CSC190Ryan_Miller\GameSolution\Game\Debug\link.16996.write.1.tlog
C:\Users\rmiller\Desktop\Quarter8\C++\Labs\GameSkeleton\CSC190Ryan_Miller\GameSolution\Game\Debug\link.17064-cvtres.read.1.tlog
C:\Users\rmiller\Desktop\Quarter8\C++\Labs\GameSkeleton\CSC190Ryan_Miller\GameSolution\Game\Debug\link.17064-cvtres.write.1.tlog
C:\Users\rmiller\Desktop\Quarter8\C++\Labs\GameSkeleton\CSC190Ryan_Miller\GameSolution\Game\Debug\link.17064-rc.read.1.tlog
C:\Users\rmiller\Desktop\Quarter8\C++\Labs\GameSkeleton\CSC190Ryan_Miller\GameSolution\Game\Debug\link.17064-rc.write.1.tlog
C:\Users\rmiller\Desktop\Quarter8\C++\Labs\GameSkeleton\CSC190Ryan_Miller\GameSolution\Game\Debug\link.17064.read.1.tlog
C:\Users\rmiller\Desktop\Quarter8\C++\Labs\GameSkeleton\CSC190Ryan_Miller\GameSolution\Game\Debug\link.17064.write.1.tlog
C:\Users\rmiller\Desktop\Quarter8\C++\Labs\GameSkeleton\CSC190Ryan_Miller\GameSolution\Game\Debug\link.17316-cvtres.read.1.tlog
C:\Users\rmiller\Desktop\Quarter8\C++\Labs\GameSkeleton\CSC190Ryan_Miller\GameSolution\Game\Debug\link.17316-cvtres.write.1.tlog
C:\Users\rmiller\Desktop\Quarter8\C++\Labs\GameSkeleton\CSC190Ryan_Miller\GameSolution\Game\Debug\link.17316-rc.read.1.tlog
C:\Users\rmiller\Desktop\Quarter8\C++\Labs\GameSkeleton\CSC190Ryan_Miller\GameSolution\Game\Debug\link.17316-rc.write.1.tlog
C:\Users\rmiller\Desktop\Quarter8\C++\Labs\GameSkeleton\CSC190Ryan_Miller\GameSolution\Game\Debug\link.17316.read.1.tlog
C:\Users\rmiller\Desktop\Quarter8\C++\Labs\GameSkeleton\CSC190Ryan_Miller\GameSolution\Game\Debug\link.17316.write.1.tlog
C:\Users\rmiller\Desktop\Quarter8\C++\Labs\GameSkeleton\CSC190Ryan_Miller\GameSolution\Game\Debug\link.2304-cvtres.read.1.tlog
C:\Users\rmiller\Desktop\Quarter8\C++\Labs\GameSkeleton\CSC190Ryan_Miller\GameSolution\Game\Debug\link.2304-cvtres.write.1.tlog
C:\Users\rmiller\Desktop\Quarter8\C++\Labs\GameSkeleton\CSC190Ryan_Miller\GameSolution\Game\Debug\link.2304-rc.read.1.tlog
C:\Users\rmiller\Desktop\Quarter8\C++\Labs\GameSkeleton\CSC190Ryan_Miller\GameSolution\Game\Debug\link.2304-rc.write.1.tlog
C:\Users\rmiller\Desktop\Quarter8\C++\Labs\GameSkeleton\CSC190Ryan_Miller\GameSolution\Game\Debug\link.2304.read.1.tlog
C:\Users\rmiller\Desktop\Quarter8\C++\Labs\GameSkeleton\CSC190Ryan_Miller\GameSolution\Game\Debug\link.2304.write.1.tlog
C:\Users\rmiller\Desktop\Quarter8\C++\Labs\GameSkeleton\CSC190Ryan_Miller\GameSolution\Game\Debug\link.2816-cvtres.read.1.tlog
C:\Users\rmiller\Desktop\Quarter8\C++\Labs\GameSkeleton\CSC190Ryan_Miller\GameSolution\Game\Debug\link.2816-cvtres.write.1.tlog
C:\Users\rmiller\Desktop\Quarter8\C++\Labs\GameSkeleton\CSC190Ryan_Miller\GameSolution\Game\Debug\link.2816-rc.read.1.tlog
C:\Users\rmiller\Desktop\Quarter8\C++\Labs\GameSkeleton\CSC190Ryan_Miller\GameSolution\Game\Debug\link.2816-rc.write.1.tlog
C:\Users\rmiller\Desktop\Quarter8\C++\Labs\GameSkeleton\CSC190Ryan_Miller\GameSolution\Game\Debug\link.2816.read.1.tlog
C:\Users\rmiller\Desktop\Quarter8\C++\Labs\GameSkeleton\CSC190Ryan_Miller\GameSolution\Game\Debug\link.2816.write.1.tlog
C:\Users\rmiller\Desktop\Quarter8\C++\Labs\GameSkeleton\CSC190Ryan_Miller\GameSolution\Game\Debug\link.2836-cvtres.read.1.tlog
C:\Users\rmiller\Desktop\Quarter8\C++\Labs\GameSkeleton\CSC190Ryan_Miller\GameSolution\Game\Debug\link.2836-cvtres.write.1.tlog
C:\Users\rmiller\Desktop\Quarter8\C++\Labs\GameSkeleton\CSC190Ryan_Miller\GameSolution\Game\Debug\link.2836-rc.read.1.tlog
C:\Users\rmiller\Desktop\Quarter8\C++\Labs\GameSkeleton\CSC190Ryan_Miller\GameSolution\Game\Debug\link.2836-rc.write.1.tlog
C:\Users\rmiller\Desktop\Quarter8\C++\Labs\GameSkeleton\CSC190Ryan_Miller\GameSolution\Game\Debug\link.2836.read.1.tlog
C:\Users\rmiller\Desktop\Quarter8\C++\Labs\GameSkeleton\CSC190Ryan_Miller\GameSolution\Game\Debug\link.2836.write.1.tlog
C:\Users\rmiller\Desktop\Quarter8\C++\Labs\GameSkeleton\CSC190Ryan_Miller\GameSolution\Game\Debug\link.3544-cvtres.read.1.tlog
C:\Users\rmiller\Desktop\Quarter8\C++\Labs\GameSkeleton\CSC190Ryan_Miller\GameSolution\Game\Debug\link.3544-cvtres.write.1.tlog
C:\Users\rmiller\Desktop\Quarter8\C++\Labs\GameSkeleton\CSC190Ryan_Miller\GameSolution\Game\Debug\link.3544-rc.read.1.tlog
C:\Users\rmiller\Desktop\Quarter8\C++\Labs\GameSkeleton\CSC190Ryan_Miller\GameSolution\Game\Debug\link.3544-rc.write.1.tlog
C:\Users\rmiller\Desktop\Quarter8\C++\Labs\GameSkeleton\CSC190Ryan_Miller\GameSolution\Game\Debug\link.3544.read.1.tlog
C:\Users\rmiller\Desktop\Quarter8\C++\Labs\GameSkeleton\CSC190Ryan_Miller\GameSolution\Game\Debug\link.3544.write.1.tlog
C:\Users\rmiller\Desktop\Quarter8\C++\Labs\GameSkeleton\CSC190Ryan_Miller\GameSolution\Game\Debug\link.4836-cvtres.read.1.tlog
C:\Users\rmiller\Desktop\Quarter8\C++\Labs\GameSkeleton\CSC190Ryan_Miller\GameSolution\Game\Debug\link.4836-cvtres.write.1.tlog
C:\Users\rmiller\Desktop\Quarter8\C++\Labs\GameSkeleton\CSC190Ryan_Miller\GameSolution\Game\Debug\link.4836-rc.read.1.tlog
C:\Users\rmiller\Desktop\Quarter8\C++\Labs\GameSkeleton\CSC190Ryan_Miller\GameSolution\Game\Debug\link.4836-rc.write.1.tlog
C:\Users\rmiller\Desktop\Quarter8\C++\Labs\GameSkeleton\CSC190Ryan_Miller\GameSolution\Game\Debug\link.4836.read.1.tlog
C:\Users\rmiller\Desktop\Quarter8\C++\Labs\GameSkeleton\CSC190Ryan_Miller\GameSolution\Game\Debug\link.4836.write.1.tlog
C:\Users\rmiller\Desktop\Quarter8\C++\Labs\GameSkeleton\CSC190Ryan_Miller\GameSolution\Game\Debug\link.5264-cvtres.read.1.tlog
C:\Users\rmiller\Desktop\Quarter8\C++\Labs\GameSkeleton\CSC190Ryan_Miller\GameSolution\Game\Debug\link.5264-cvtres.write.1.tlog
C:\Users\rmiller\Desktop\Quarter8\C++\Labs\GameSkeleton\CSC190Ryan_Miller\GameSolution\Game\Debug\link.5264-rc.read.1.tlog
C:\Users\rmiller\Desktop\Quarter8\C++\Labs\GameSkeleton\CSC190Ryan_Miller\GameSolution\Game\Debug\link.5264-rc.write.1.tlog
C:\Users\rmiller\Desktop\Quarter8\C++\Labs\GameSkeleton\CSC190Ryan_Miller\GameSolution\Game\Debug\link.5264.read.1.tlog
C:\Users\rmiller\Desktop\Quarter8\C++\Labs\GameSkeleton\CSC190Ryan_Miller\GameSolution\Game\Debug\link.5264.write.1.tlog
C:\Users\rmiller\Desktop\Quarter8\C++\Labs\GameSkeleton\CSC190Ryan_Miller\GameSolution\Game\Debug\link.5340-cvtres.read.1.tlog
C:\Users\rmiller\Desktop\Quarter8\C++\Labs\GameSkeleton\CSC190Ryan_Miller\GameSolution\Game\Debug\link.5340-cvtres.write.1.tlog
C:\Users\rmiller\Desktop\Quarter8\C++\Labs\GameSkeleton\CSC190Ryan_Miller\GameSolution\Game\Debug\link.5340-rc.read.1.tlog
C:\Users\rmiller\Desktop\Quarter8\C++\Labs\GameSkeleton\CSC190Ryan_Miller\GameSolution\Game\Debug\link.5340-rc.write.1.tlog
C:\Users\rmiller\Desktop\Quarter8\C++\Labs\GameSkeleton\CSC190Ryan_Miller\GameSolution\Game\Debug\link.5340.read.1.tlog
C:\Users\rmiller\Desktop\Quarter8\C++\Labs\GameSkeleton\CSC190Ryan_Miller\GameSolution\Game\Debug\link.5340.write.1.tlog
C:\Users\rmiller\Desktop\Quarter8\C++\Labs\GameSkeleton\CSC190Ryan_Miller\GameSolution\Game\Debug\link.5740-cvtres.read.1.tlog
C:\Users\rmiller\Desktop\Quarter8\C++\Labs\GameSkeleton\CSC190Ryan_Miller\GameSolution\Game\Debug\link.5740-cvtres.write.1.tlog
C:\Users\rmiller\Desktop\Quarter8\C++\Labs\GameSkeleton\CSC190Ryan_Miller\GameSolution\Game\Debug\link.5740-rc.read.1.tlog
C:\Users\rmiller\Desktop\Quarter8\C++\Labs\GameSkeleton\CSC190Ryan_Miller\GameSolution\Game\Debug\link.5740-rc.write.1.tlog
C:\Users\rmiller\Desktop\Quarter8\C++\Labs\GameSkeleton\CSC190Ryan_Miller\GameSolution\Game\Debug\link.5740.read.1.tlog
C:\Users\rmiller\Desktop\Quarter8\C++\Labs\GameSkeleton\CSC190Ryan_Miller\GameSolution\Game\Debug\link.5740.write.1.tlog
C:\Users\rmiller\Desktop\Quarter8\C++\Labs\GameSkeleton\CSC190Ryan_Miller\GameSolution\Game\Debug\link.5804-cvtres.read.1.tlog
C:\Users\rmiller\Desktop\Quarter8\C++\Labs\GameSkeleton\CSC190Ryan_Miller\GameSolution\Game\Debug\link.5804-cvtres.write.1.tlog
C:\Users\rmiller\Desktop\Quarter8\C++\Labs\GameSkeleton\CSC190Ryan_Miller\GameSolution\Game\Debug\link.5804-rc.read.1.tlog
C:\Users\rmiller\Desktop\Quarter8\C++\Labs\GameSkeleton\CSC190Ryan_Miller\GameSolution\Game\Debug\link.5804-rc.write.1.tlog
C:\Users\rmiller\Desktop\Quarter8\C++\Labs\GameSkeleton\CSC190Ryan_Miller\GameSolution\Game\Debug\link.5804.read.1.tlog
C:\Users\rmiller\Desktop\Quarter8\C++\Labs\GameSkeleton\CSC190Ryan_Miller\GameSolution\Game\Debug\link.5804.write.1.tlog
C:\Users\rmiller\Desktop\Quarter8\C++\Labs\GameSkeleton\CSC190Ryan_Miller\GameSolution\Game\Debug\link.5824-cvtres.read.1.tlog
C:\Users\rmiller\Desktop\Quarter8\C++\Labs\GameSkeleton\CSC190Ryan_Miller\GameSolution\Game\Debug\link.5824-cvtres.write.1.tlog
C:\Users\rmiller\Desktop\Quarter8\C++\Labs\GameSkeleton\CSC190Ryan_Miller\GameSolution\Game\Debug\link.5824-rc.read.1.tlog
C:\Users\rmiller\Desktop\Quarter8\C++\Labs\GameSkeleton\CSC190Ryan_Miller\GameSolution\Game\Debug\link.5824-rc.write.1.tlog
C:\Users\rmiller\Desktop\Quarter8\C++\Labs\GameSkeleton\CSC190Ryan_Miller\GameSolution\Game\Debug\link.5824.read.1.tlog
C:\Users\rmiller\Desktop\Quarter8\C++\Labs\GameSkeleton\CSC190Ryan_Miller\GameSolution\Game\Debug\link.5824.write.1.tlog
C:\Users\rmiller\Desktop\Quarter8\C++\Labs\GameSkeleton\CSC190Ryan_Miller\GameSolution\Game\Debug\link.6532-cvtres.read.1.tlog
C:\Users\rmiller\Desktop\Quarter8\C++\Labs\GameSkeleton\CSC190Ryan_Miller\GameSolution\Game\Debug\link.6532-cvtres.write.1.tlog
C:\Users\rmiller\Desktop\Quarter8\C++\Labs\GameSkeleton\CSC190Ryan_Miller\GameSolution\Game\Debug\link.6532-rc.read.1.tlog
C:\Users\rmiller\Desktop\Quarter8\C++\Labs\GameSkeleton\CSC190Ryan_Miller\GameSolution\Game\Debug\link.6532-rc.write.1.tlog
C:\Users\rmiller\Desktop\Quarter8\C++\Labs\GameSkeleton\CSC190Ryan_Miller\GameSolution\Game\Debug\link.6532.read.1.tlog
C:\Users\rmiller\Desktop\Quarter8\C++\Labs\GameSkeleton\CSC190Ryan_Miller\GameSolution\Game\Debug\link.6532.write.1.tlog
C:\Users\rmiller\Desktop\Quarter8\C++\Labs\GameSkeleton\CSC190Ryan_Miller\GameSolution\Game\Debug\link.68-cvtres.read.1.tlog
C:\Users\rmiller\Desktop\Quarter8\C++\Labs\GameSkeleton\CSC190Ryan_Miller\GameSolution\Game\Debug\link.68-cvtres.write.1.tlog
C:\Users\rmiller\Desktop\Quarter8\C++\Labs\GameSkeleton\CSC190Ryan_Miller\GameSolution\Game\Debug\link.68-rc.read.1.tlog
C:\Users\rmiller\Desktop\Quarter8\C++\Labs\GameSkeleton\CSC190Ryan_Miller\GameSolution\Game\Debug\link.68-rc.write.1.tlog
C:\Users\rmiller\Desktop\Quarter8\C++\Labs\GameSkeleton\CSC190Ryan_Miller\GameSolution\Game\Debug\link.68.read.1.tlog
C:\Users\rmiller\Desktop\Quarter8\C++\Labs\GameSkeleton\CSC190Ryan_Miller\GameSolution\Game\Debug\link.68.write.1.tlog
C:\Users\rmiller\Desktop\Quarter8\C++\Labs\GameSkeleton\CSC190Ryan_Miller\GameSolution\Game\Debug\link.7604-cvtres.read.1.tlog
C:\Users\rmiller\Desktop\Quarter8\C++\Labs\GameSkeleton\CSC190Ryan_Miller\GameSolution\Game\Debug\link.7604-cvtres.write.1.tlog
C:\Users\rmiller\Desktop\Quarter8\C++\Labs\GameSkeleton\CSC190Ryan_Miller\GameSolution\Game\Debug\link.7604-rc.read.1.tlog
C:\Users\rmiller\Desktop\Quarter8\C++\Labs\GameSkeleton\CSC190Ryan_Miller\GameSolution\Game\Debug\link.7604-rc.write.1.tlog
C:\Users\rmiller\Desktop\Quarter8\C++\Labs\GameSkeleton\CSC190Ryan_Miller\GameSolution\Game\Debug\link.7604.read.1.tlog
C:\Users\rmiller\Desktop\Quarter8\C++\Labs\GameSkeleton\CSC190Ryan_Miller\GameSolution\Game\Debug\link.7604.write.1.tlog
C:\Users\rmiller\Desktop\Quarter8\C++\Labs\GameSkeleton\CSC190Ryan_Miller\GameSolution\Game\Debug\link.7748-cvtres.read.1.tlog
C:\Users\rmiller\Desktop\Quarter8\C++\Labs\GameSkeleton\CSC190Ryan_Miller\GameSolution\Game\Debug\link.7748-cvtres.write.1.tlog
C:\Users\rmiller\Desktop\Quarter8\C++\Labs\GameSkeleton\CSC190Ryan_Miller\GameSolution\Game\Debug\link.7748-rc.read.1.tlog
C:\Users\rmiller\Desktop\Quarter8\C++\Labs\GameSkeleton\CSC190Ryan_Miller\GameSolution\Game\Debug\link.7748-rc.write.1.tlog
C:\Users\rmiller\Desktop\Quarter8\C++\Labs\GameSkeleton\CSC190Ryan_Miller\GameSolution\Game\Debug\link.7748.read.1.tlog
C:\Users\rmiller\Desktop\Quarter8\C++\Labs\GameSkeleton\CSC190Ryan_Miller\GameSolution\Game\Debug\link.7748.write.1.tlog
C:\Users\rmiller\Desktop\Quarter8\C++\Labs\GameSkeleton\CSC190Ryan_Miller\GameSolution\Game\Debug\link.7836-cvtres.read.1.tlog
C:\Users\rmiller\Desktop\Quarter8\C++\Labs\GameSkeleton\CSC190Ryan_Miller\GameSolution\Game\Debug\link.7836-cvtres.write.1.tlog
C:\Users\rmiller\Desktop\Quarter8\C++\Labs\GameSkeleton\CSC190Ryan_Miller\GameSolution\Game\Debug\link.7836-rc.read.1.tlog
C:\Users\rmiller\Desktop\Quarter8\C++\Labs\GameSkeleton\CSC190Ryan_Miller\GameSolution\Game\Debug\link.7836-rc.write.1.tlog
C:\Users\rmiller\Desktop\Quarter8\C++\Labs\GameSkeleton\CSC190Ryan_Miller\GameSolution\Game\Debug\link.7836.read.1.tlog
C:\Users\rmiller\Desktop\Quarter8\C++\Labs\GameSkeleton\CSC190Ryan_Miller\GameSolution\Game\Debug\link.7836.write.1.tlog
C:\Users\rmiller\Desktop\Quarter8\C++\Labs\GameSkeleton\CSC190Ryan_Miller\GameSolution\Game\Debug\link.7988-cvtres.read.1.tlog
C:\Users\rmiller\Desktop\Quarter8\C++\Labs\GameSkeleton\CSC190Ryan_Miller\GameSolution\Game\Debug\link.7988-cvtres.write.1.tlog
C:\Users\rmiller\Desktop\Quarter8\C++\Labs\GameSkeleton\CSC190Ryan_Miller\GameSolution\Game\Debug\link.7988-rc.read.1.tlog
C:\Users\rmiller\Desktop\Quarter8\C++\Labs\GameSkeleton\CSC190Ryan_Miller\GameSolution\Game\Debug\link.7988-rc.write.1.tlog
C:\Users\rmiller\Desktop\Quarter8\C++\Labs\GameSkeleton\CSC190Ryan_Miller\GameSolution\Game\Debug\link.7988.read.1.tlog
C:\Users\rmiller\Desktop\Quarter8\C++\Labs\GameSkeleton\CSC190Ryan_Miller\GameSolution\Game\Debug\link.7988.write.1.tlog
C:\Users\rmiller\Desktop\Quarter8\C++\Labs\GameSkeleton\CSC190Ryan_Miller\GameSolution\Game\Debug\link.8080-cvtres.read.1.tlog
C:\Users\rmiller\Desktop\Quarter8\C++\Labs\GameSkeleton\CSC190Ryan_Miller\GameSolution\Game\Debug\link.8080-cvtres.write.1.tlog
C:\Users\rmiller\Desktop\Quarter8\C++\Labs\GameSkeleton\CSC190Ryan_Miller\GameSolution\Game\Debug\link.8080-rc.read.1.tlog
C:\Users\rmiller\Desktop\Quarter8\C++\Labs\GameSkeleton\CSC190Ryan_Miller\GameSolution\Game\Debug\link.8080-rc.write.1.tlog
C:\Users\rmiller\Desktop\Quarter8\C++\Labs\GameSkeleton\CSC190Ryan_Miller\GameSolution\Game\Debug\link.8080.read.1.tlog
C:\Users\rmiller\Desktop\Quarter8\C++\Labs\GameSkeleton\CSC190Ryan_Miller\GameSolution\Game\Debug\link.8080.write.1.tlog
C:\Users\rmiller\Desktop\Quarter8\C++\Labs\GameSkeleton\CSC190Ryan_Miller\GameSolution\Game\Debug\link.8596-cvtres.read.1.tlog
C:\Users\rmiller\Desktop\Quarter8\C++\Labs\GameSkeleton\CSC190Ryan_Miller\GameSolution\Game\Debug\link.8596-cvtres.write.1.tlog
C:\Users\rmiller\Desktop\Quarter8\C++\Labs\GameSkeleton\CSC190Ryan_Miller\GameSolution\Game\Debug\link.8596-rc.read.1.tlog
C:\Users\rmiller\Desktop\Quarter8\C++\Labs\GameSkeleton\CSC190Ryan_Miller\GameSolution\Game\Debug\link.8596-rc.write.1.tlog
C:\Users\rmiller\Desktop\Quarter8\C++\Labs\GameSkeleton\CSC190Ryan_Miller\GameSolution\Game\Debug\link.8596.read.1.tlog
C:\Users\rmiller\Desktop\Quarter8\C++\Labs\GameSkeleton\CSC190Ryan_Miller\GameSolution\Game\Debug\link.8596.write.1.tlog
C:\Users\rmiller\Desktop\Quarter8\C++\Labs\GameSkeleton\CSC190Ryan_Miller\GameSolution\Game\Debug\link.8700-cvtres.read.1.tlog
C:\Users\rmiller\Desktop\Quarter8\C++\Labs\GameSkeleton\CSC190Ryan_Miller\GameSolution\Game\Debug\link.8700-cvtres.write.1.tlog
C:\Users\rmiller\Desktop\Quarter8\C++\Labs\GameSkeleton\CSC190Ryan_Miller\GameSolution\Game\Debug\link.8700-rc.read.1.tlog
C:\Users\rmiller\Desktop\Quarter8\C++\Labs\GameSkeleton\CSC190Ryan_Miller\GameSolution\Game\Debug\link.8700-rc.write.1.tlog
C:\Users\rmiller\Desktop\Quarter8\C++\Labs\GameSkeleton\CSC190Ryan_Miller\GameSolution\Game\Debug\link.8700.read.1.tlog
C:\Users\rmiller\Desktop\Quarter8\C++\Labs\GameSkeleton\CSC190Ryan_Miller\GameSolution\Game\Debug\link.8700.write.1.tlog
C:\Users\rmiller\Desktop\Quarter8\C++\Labs\GameSkeleton\CSC190Ryan_Miller\GameSolution\Game\Debug\link.9036-cvtres.read.1.tlog
C:\Users\rmiller\Desktop\Quarter8\C++\Labs\GameSkeleton\CSC190Ryan_Miller\GameSolution\Game\Debug\link.9036-cvtres.write.1.tlog
C:\Users\rmiller\Desktop\Quarter8\C++\Labs\GameSkeleton\CSC190Ryan_Miller\GameSolution\Game\Debug\link.9036-rc.read.1.tlog
C:\Users\rmiller\Desktop\Quarter8\C++\Labs\GameSkeleton\CSC190Ryan_Miller\GameSolution\Game\Debug\link.9036-rc.write.1.tlog
C:\Users\rmiller\Desktop\Quarter8\C++\Labs\GameSkeleton\CSC190Ryan_Miller\GameSolution\Game\Debug\link.9036.read.1.tlog
C:\Users\rmiller\Desktop\Quarter8\C++\Labs\GameSkeleton\CSC190Ryan_Miller\GameSolution\Game\Debug\link.9036.write.1.tlog
C:\Users\rmiller\Desktop\Quarter8\C++\Labs\GameSkeleton\CSC190Ryan_Miller\GameSolution\Game\Debug\link.9088-cvtres.read.1.tlog
C:\Users\rmiller\Desktop\Quarter8\C++\Labs\GameSkeleton\CSC190Ryan_Miller\GameSolution\Game\Debug\link.9088-cvtres.write.1.tlog
C:\Users\rmiller\Desktop\Quarter8\C++\Labs\GameSkeleton\CSC190Ryan_Miller\GameSolution\Game\Debug\link.9088-rc.read.1.tlog
C:\Users\rmiller\Desktop\Quarter8\C++\Labs\GameSkeleton\CSC190Ryan_Miller\GameSolution\Game\Debug\link.9088-rc.write.1.tlog
C:\Users\rmiller\Desktop\Quarter8\C++\Labs\GameSkeleton\CSC190Ryan_Miller\GameSolution\Game\Debug\link.9088.read.1.tlog
C:\Users\rmiller\Desktop\Quarter8\C++\Labs\GameSkeleton\CSC190Ryan_Miller\GameSolution\Game\Debug\link.9088.write.1.tlog
C:\Users\rmiller\Desktop\Quarter8\C++\Labs\GameSkeleton\CSC190Ryan_Miller\GameSolution\Game\Debug\link.9132-cvtres.read.1.tlog
C:\Users\rmiller\Desktop\Quarter8\C++\Labs\GameSkeleton\CSC190Ryan_Miller\GameSolution\Game\Debug\link.9132-cvtres.write.1.tlog
C:\Users\rmiller\Desktop\Quarter8\C++\Labs\GameSkeleton\CSC190Ryan_Miller\GameSolution\Game\Debug\link.9132-rc.read.1.tlog
C:\Users\rmiller\Desktop\Quarter8\C++\Labs\GameSkeleton\CSC190Ryan_Miller\GameSolution\Game\Debug\link.9132-rc.write.1.tlog
C:\Users\rmiller\Desktop\Quarter8\C++\Labs\GameSkeleton\CSC190Ryan_Miller\GameSolution\Game\Debug\link.9132.read.1.tlog
C:\Users\rmiller\Desktop\Quarter8\C++\Labs\GameSkeleton\CSC190Ryan_Miller\GameSolution\Game\Debug\link.9132.write.1.tlog
C:\Users\rmiller\Desktop\Quarter8\C++\Labs\GameSkeleton\CSC190Ryan_Miller\GameSolution\Game\Debug\link.9196-cvtres.read.1.tlog
C:\Users\rmiller\Desktop\Quarter8\C++\Labs\GameSkeleton\CSC190Ryan_Miller\GameSolution\Game\Debug\link.9196-cvtres.write.1.tlog
C:\Users\rmiller\Desktop\Quarter8\C++\Labs\GameSkeleton\CSC190Ryan_Miller\GameSolution\Game\Debug\link.9196-rc.read.1.tlog
C:\Users\rmiller\Desktop\Quarter8\C++\Labs\GameSkeleton\CSC190Ryan_Miller\GameSolution\Game\Debug\link.9196-rc.write.1.tlog
C:\Users\rmiller\Desktop\Quarter8\C++\Labs\GameSkeleton\CSC190Ryan_Miller\GameSolution\Game\Debug\link.9196.read.1.tlog
C:\Users\rmiller\Desktop\Quarter8\C++\Labs\GameSkeleton\CSC190Ryan_Miller\GameSolution\Game\Debug\link.9196.write.1.tlog
C:\Users\rmiller\Desktop\Quarter8\C++\Labs\GameSkeleton\CSC190Ryan_Miller\GameSolution\Game\Debug\link.9284-cvtres.read.1.tlog
C:\Users\rmiller\Desktop\Quarter8\C++\Labs\GameSkeleton\CSC190Ryan_Miller\GameSolution\Game\Debug\link.9284-cvtres.write.1.tlog
C:\Users\rmiller\Desktop\Quarter8\C++\Labs\GameSkeleton\CSC190Ryan_Miller\GameSolution\Game\Debug\link.9284-rc.read.1.tlog
C:\Users\rmiller\Desktop\Quarter8\C++\Labs\GameSkeleton\CSC190Ryan_Miller\GameSolution\Game\Debug\link.9284-rc.write.1.tlog
C:\Users\rmiller\Desktop\Quarter8\C++\Labs\GameSkeleton\CSC190Ryan_Miller\GameSolution\Game\Debug\link.9284.read.1.tlog
C:\Users\rmiller\Desktop\Quarter8\C++\Labs\GameSkeleton\CSC190Ryan_Miller\GameSolution\Game\Debug\link.9284.write.1.tlog
C:\Users\rmiller\Desktop\Quarter8\C++\Labs\GameSkeleton\CSC190Ryan_Miller\GameSolution\Game\Debug\link.9972-cvtres.read.1.tlog
C:\Users\rmiller\Desktop\Quarter8\C++\Labs\GameSkeleton\CSC190Ryan_Miller\GameSolution\Game\Debug\link.9972-cvtres.write.1.tlog
C:\Users\rmiller\Desktop\Quarter8\C++\Labs\GameSkeleton\CSC190Ryan_Miller\GameSolution\Game\Debug\link.9972-rc.read.1.tlog
C:\Users\rmiller\Desktop\Quarter8\C++\Labs\GameSkeleton\CSC190Ryan_Miller\GameSolution\Game\Debug\link.9972-rc.write.1.tlog
C:\Users\rmiller\Desktop\Quarter8\C++\Labs\GameSkeleton\CSC190Ryan_Miller\GameSolution\Game\Debug\link.9972.read.1.tlog
C:\Users\rmiller\Desktop\Quarter8\C++\Labs\GameSkeleton\CSC190Ryan_Miller\GameSolution\Game\Debug\link.9972.write.1.tlog
C:\Users\rmiller\Desktop\Quarter8\C++\Labs\GameSkeleton\CSC190Ryan_Miller\GameSolution\Game\Debug\link.command.1.tlog
C:\Users\rmiller\Desktop\Quarter8\C++\Labs\GameSkeleton\CSC190Ryan_Miller\GameSolution\Game\Debug\link.read.1.tlog
C:\Users\rmiller\Desktop\Quarter8\C++\Labs\GameSkeleton\CSC190Ryan_Miller\GameSolution\Game\Debug\link.write.1.tlog
C:\Users\rmiller\Desktop\Quarter8\C++\Labs\GameSkeleton\CSC190Ryan_Miller\GameSolution\Game\Debug\vc110.idb
C:\Users\rmiller\Desktop\Quarter8\C++\Labs\GameSkeleton\CSC190Ryan_Miller\GameSolution\Game\Debug\vc110.pdb
C:\Users\rmiller\Desktop\Quarter8\C++\Labs\GameSkeleton\CSC190Ryan_Miller\GameSolution\Debug\Game.pdb
C:\Users\rmiller\Desktop\Quarter8\C++\Labs\GameSkeleton\CSC190Ryan_Miller\GameSolution\Debug\Game.exe
C:\Users\rmiller\Desktop\Quarter8\C++\Labs\GameSkeleton\CSC190Ryan_Miller\GameSolution\Debug\Game.ilk
