Build started 6/13/2014 11:41:27 AM.
     1>Project "C:\Users\rmiller\Desktop\Quarter8\C++\Labs\GameSkeleton\CSC190Ryan_Miller\GameSolution\Game\Game.vcxproj" on node 2 (Build target(s)).
     1>ClCompile:
         C:\Program Files (x86)\Microsoft Visual Studio 11.0\VC\bin\CL.exe /c /IC:\Users\rmiller\Desktop\Quarter8\C++\Labs\GameSkeleton\CSC190Ryan_Miller\GameSolution\\Engine /IC:\Users\rmiller\Desktop\Quarter8\C++\Labs\GameSkeleton\CSC190Ryan_Miller\GameSolution\\Core\include /ZI /nologo /W4 /WX /Od /Oy- /D LOG_OFF /D WIN32 /D _DEBUG /D _WINDOWS /D _UNICODE /D UNICODE /Gm /EHsc /RTC1 /MDd /GS /fp:precise /Zc:wchar_t /Zc:forScope /Fo"Debug\\" /Fd"Debug\vc110.pdb" /Gd /TP /analyze- /errorReport:prompt main.cpp
         main.cpp
       Link:
         C:\Program Files (x86)\Microsoft Visual Studio 11.0\VC\bin\link.exe /ERRORREPORT:PROMPT /OUT:"C:\Users\rmiller\Desktop\Quarter8\C++\Labs\GameSkeleton\CSC190Ryan_Miller\GameSolution\Debug\Game.exe" /INCREMENTAL /NOLOGO /LIBPATH:C:\Users\rmiller\Desktop\Quarter8\C++\Labs\GameSkeleton\CSC190Ryan_Miller\GameSolution\Debug\ /LIBPATH:C:\Users\rmiller\Desktop\Quarter8\C++\Labs\GameSkeleton\CSC190Ryan_Miller\GameSolution\\Core\lib /LIBPATH:C:\Users\rmiller\Desktop\Quarter8\C++\Labs\GameSkeleton\CSC190Ryan_Miller\GameSolution\Debug\ kernel32.lib user32.lib gdi32.lib winspool.lib comdlg32.lib advapi32.lib shell32.lib ole32.lib oleaut32.lib uuid.lib odbc32.lib odbccp32.lib Engine.lib Core.lib kernel32.lib user32.lib gdi32.lib winspool.lib comdlg32.lib advapi32.lib shell32.lib ole32.lib oleaut32.lib uuid.lib odbc32.lib odbccp32.lib /MANIFEST /MANIFESTUAC:"level='asInvoker' uiAccess='false'" /manifest:embed /DEBUG /PDB:"C:\Users\rmiller\Desktop\Quarter8\C++\Labs\GameSkeleton\CSC190Ryan_Miller\GameSolution\Debug\Game.pdb" /SUBSYSTEM:WINDOWS /TLBID:1 /ENTRY:"mainCRTStartup" /DYNAMICBASE /NXCOMPAT /IMPLIB:"C:\Users\rmiller\Desktop\Quarter8\C++\Labs\GameSkeleton\CSC190Ryan_Miller\GameSolution\Debug\Game.lib" /MACHINE:X86 Debug\ArbitraryBounceOption.obj
         Debug\BasicTurret.obj
         Debug\BeamShape.obj
         Debug\Boss.obj
         Debug\BossEye.obj
         Debug\BossTurret.obj
         Debug\BounceOption.obj
         Debug\BoundsOption.obj
         Debug\Collideable.obj
         Debug\Color.obj
         Debug\DefeatScreen.obj
         Debug\DotParticle.obj
         Debug\EndScreen.obj
         Debug\EnemyManager.obj
         Debug\EnemyShip.obj
         Debug\EnemyTurret.obj
         Debug\ExplosionParticleEffect.obj
         Debug\FountainParticleEffect.obj
         Debug\Game.obj
         Debug\GameObject.obj
         Debug\HeroShip.obj
         Debug\IntroScreen.obj
         Debug\Lerper.obj
         Debug\main.obj
         Debug\Missile.obj
         Debug\MyMathUtil.obj
         Debug\Particle.obj
         Debug\ParticleEffect.obj
         Debug\ParticleEffectManager.obj
         Debug\RandomGenerator.obj
         Debug\RecursiveRotation.obj
         Debug\Screen.obj
         Debug\Shape.obj
         Debug\ShapeBuilder.obj
         Debug\SquareParticle.obj
         Debug\Timer.obj
         Debug\Turret.obj
         Debug\Utilities.obj
         Debug\VictoryScreen.obj
         Debug\WallOption.obj
         Debug\WrapOption.obj
         Game.vcxproj -> C:\Users\rmiller\Desktop\Quarter8\C++\Labs\GameSkeleton\CSC190Ryan_Miller\GameSolution\Debug\Game.exe
     1>Done Building Project "C:\Users\rmiller\Desktop\Quarter8\C++\Labs\GameSkeleton\CSC190Ryan_Miller\GameSolution\Game\Game.vcxproj" (Build target(s)).

Build succeeded.

Time Elapsed 00:00:06.48
