C:\USERS\RMILLER\DESKTOP\QUARTER8\C++\LABS\GAMESKELETON\CSC190RYAN_MILLER\GAMESOLUTION\ENGINE\DEBUG\OBJ\VC110.PDB
C:\USERS\RMILLER\DESKTOP\QUARTER8\C++\LABS\GAMESKELETON\CSC190RYAN_MILLER\GAMESOLUTION\ENGINE\DEBUG\OBJ\ENGINE.OBJ
C:\USERS\RMILLER\DESKTOP\QUARTER8\C++\LABS\GAMESKELETON\CSC190RYAN_MILLER\GAMESOLUTION\ENGINE\DEBUG\OBJ\MATRIX2.OBJ
C:\USERS\RMILLER\DESKTOP\QUARTER8\C++\LABS\GAMESKELETON\CSC190RYAN_MILLER\GAMESOLUTION\ENGINE\DEBUG\OBJ\MATRIX3.OBJ
C:\USERS\RMILLER\DESKTOP\QUARTER8\C++\LABS\GAMESKELETON\CSC190RYAN_MILLER\GAMESOLUTION\ENGINE\DEBUG\OBJ\VECTOR2.OBJ
C:\USERS\RMILLER\DESKTOP\QUARTER8\C++\LABS\GAMESKELETON\CSC190RYAN_MILLER\GAMESOLUTION\ENGINE\DEBUG\OBJ\VECTOR3.OBJ
C:\USERS\RMILLER\DESKTOP\QUARTER8\C++\LABS\GAMESKELETON\CSC190RYAN_MILLER\GAMESOLUTION\ENGINE\DEBUG\OBJ\DLLMAIN.OBJ
C:\Users\rmiller\Desktop\Quarter8\C++\Labs\GameSkeleton\CSC190Ryan_Miller\TwoDCalculator\Debug\Engine.lib
C:\Users\rmiller\Desktop\Quarter8\C++\Labs\GameSkeleton\CSC190Ryan_Miller\TwoDCalculator\Debug\Engine.exp
C:\Users\rmiller\Desktop\Quarter8\C++\Labs\GameSkeleton\CSC190Ryan_Miller\GameSolution\Debug\Engine.lib
C:\Users\rmiller\Desktop\Quarter8\C++\Labs\GameSkeleton\CSC190Ryan_Miller\GameSolution\Debug\Engine.exp
C:\USERS\RMILLER\DESKTOP\QUARTER8\C++\LABS\GAMESKELETON\CSC190RYAN_MILLER\GAMESOLUTION\DEBUG\ENGINE.ILK
C:\USERS\RMILLER\DESKTOP\QUARTER8\C++\LABS\GAMESKELETON\CSC190RYAN_MILLER\GAMESOLUTION\DEBUG\ENGINE.DLL
C:\USERS\RMILLER\DESKTOP\QUARTER8\C++\LABS\GAMESKELETON\CSC190RYAN_MILLER\GAMESOLUTION\DEBUG\ENGINE.PDB
C:\Users\rmiller\Desktop\Quarter8\C++\Labs\GameSkeleton\CSC190Ryan_Miller\GameSolution\Engine\Debug\obj\dllmain.obj
C:\Users\rmiller\Desktop\Quarter8\C++\Labs\GameSkeleton\CSC190Ryan_Miller\GameSolution\Engine\Debug\obj\Engine.obj
C:\Users\rmiller\Desktop\Quarter8\C++\Labs\GameSkeleton\CSC190Ryan_Miller\GameSolution\Engine\Debug\obj\Matrix2.obj
C:\Users\rmiller\Desktop\Quarter8\C++\Labs\GameSkeleton\CSC190Ryan_Miller\GameSolution\Engine\Debug\obj\Matrix3.obj
C:\Users\rmiller\Desktop\Quarter8\C++\Labs\GameSkeleton\CSC190Ryan_Miller\GameSolution\Engine\Debug\obj\Vector2.obj
C:\Users\rmiller\Desktop\Quarter8\C++\Labs\GameSkeleton\CSC190Ryan_Miller\GameSolution\Engine\Debug\obj\Vector3.obj
C:\Users\rmiller\Desktop\Quarter8\C++\Labs\GameSkeleton\CSC190Ryan_Miller\GameSolution\Engine\Debug\obj\cl.command.1.tlog
C:\Users\rmiller\Desktop\Quarter8\C++\Labs\GameSkeleton\CSC190Ryan_Miller\GameSolution\Engine\Debug\obj\CL.read.1.tlog
C:\Users\rmiller\Desktop\Quarter8\C++\Labs\GameSkeleton\CSC190Ryan_Miller\GameSolution\Engine\Debug\obj\CL.write.1.tlog
C:\Users\rmiller\Desktop\Quarter8\C++\Labs\GameSkeleton\CSC190Ryan_Miller\GameSolution\Engine\Debug\obj\Engine.write.1.tlog
C:\Users\rmiller\Desktop\Quarter8\C++\Labs\GameSkeleton\CSC190Ryan_Miller\GameSolution\Engine\Debug\obj\link-cvtres.read.1.tlog
C:\Users\rmiller\Desktop\Quarter8\C++\Labs\GameSkeleton\CSC190Ryan_Miller\GameSolution\Engine\Debug\obj\link-cvtres.write.1.tlog
C:\Users\rmiller\Desktop\Quarter8\C++\Labs\GameSkeleton\CSC190Ryan_Miller\GameSolution\Engine\Debug\obj\link-rc.read.1.tlog
C:\Users\rmiller\Desktop\Quarter8\C++\Labs\GameSkeleton\CSC190Ryan_Miller\GameSolution\Engine\Debug\obj\link-rc.write.1.tlog
C:\Users\rmiller\Desktop\Quarter8\C++\Labs\GameSkeleton\CSC190Ryan_Miller\GameSolution\Engine\Debug\obj\link.10336-cvtres.read.1.tlog
C:\Users\rmiller\Desktop\Quarter8\C++\Labs\GameSkeleton\CSC190Ryan_Miller\GameSolution\Engine\Debug\obj\link.10336-cvtres.write.1.tlog
C:\Users\rmiller\Desktop\Quarter8\C++\Labs\GameSkeleton\CSC190Ryan_Miller\GameSolution\Engine\Debug\obj\link.10336-rc.read.1.tlog
C:\Users\rmiller\Desktop\Quarter8\C++\Labs\GameSkeleton\CSC190Ryan_Miller\GameSolution\Engine\Debug\obj\link.10336-rc.write.1.tlog
C:\Users\rmiller\Desktop\Quarter8\C++\Labs\GameSkeleton\CSC190Ryan_Miller\GameSolution\Engine\Debug\obj\link.10336.read.1.tlog
C:\Users\rmiller\Desktop\Quarter8\C++\Labs\GameSkeleton\CSC190Ryan_Miller\GameSolution\Engine\Debug\obj\link.10336.write.1.tlog
C:\Users\rmiller\Desktop\Quarter8\C++\Labs\GameSkeleton\CSC190Ryan_Miller\GameSolution\Engine\Debug\obj\link.1100-cvtres.read.1.tlog
C:\Users\rmiller\Desktop\Quarter8\C++\Labs\GameSkeleton\CSC190Ryan_Miller\GameSolution\Engine\Debug\obj\link.1100-cvtres.write.1.tlog
C:\Users\rmiller\Desktop\Quarter8\C++\Labs\GameSkeleton\CSC190Ryan_Miller\GameSolution\Engine\Debug\obj\link.1100-rc.read.1.tlog
C:\Users\rmiller\Desktop\Quarter8\C++\Labs\GameSkeleton\CSC190Ryan_Miller\GameSolution\Engine\Debug\obj\link.1100-rc.write.1.tlog
C:\Users\rmiller\Desktop\Quarter8\C++\Labs\GameSkeleton\CSC190Ryan_Miller\GameSolution\Engine\Debug\obj\link.1100.read.1.tlog
C:\Users\rmiller\Desktop\Quarter8\C++\Labs\GameSkeleton\CSC190Ryan_Miller\GameSolution\Engine\Debug\obj\link.1100.write.1.tlog
C:\Users\rmiller\Desktop\Quarter8\C++\Labs\GameSkeleton\CSC190Ryan_Miller\GameSolution\Engine\Debug\obj\link.1112-cvtres.read.1.tlog
C:\Users\rmiller\Desktop\Quarter8\C++\Labs\GameSkeleton\CSC190Ryan_Miller\GameSolution\Engine\Debug\obj\link.1112-cvtres.write.1.tlog
C:\Users\rmiller\Desktop\Quarter8\C++\Labs\GameSkeleton\CSC190Ryan_Miller\GameSolution\Engine\Debug\obj\link.1112-rc.read.1.tlog
C:\Users\rmiller\Desktop\Quarter8\C++\Labs\GameSkeleton\CSC190Ryan_Miller\GameSolution\Engine\Debug\obj\link.1112-rc.write.1.tlog
C:\Users\rmiller\Desktop\Quarter8\C++\Labs\GameSkeleton\CSC190Ryan_Miller\GameSolution\Engine\Debug\obj\link.1112.read.1.tlog
C:\Users\rmiller\Desktop\Quarter8\C++\Labs\GameSkeleton\CSC190Ryan_Miller\GameSolution\Engine\Debug\obj\link.1112.write.1.tlog
C:\Users\rmiller\Desktop\Quarter8\C++\Labs\GameSkeleton\CSC190Ryan_Miller\GameSolution\Engine\Debug\obj\link.17960-cvtres.read.1.tlog
C:\Users\rmiller\Desktop\Quarter8\C++\Labs\GameSkeleton\CSC190Ryan_Miller\GameSolution\Engine\Debug\obj\link.17960-cvtres.write.1.tlog
C:\Users\rmiller\Desktop\Quarter8\C++\Labs\GameSkeleton\CSC190Ryan_Miller\GameSolution\Engine\Debug\obj\link.17960-rc.read.1.tlog
C:\Users\rmiller\Desktop\Quarter8\C++\Labs\GameSkeleton\CSC190Ryan_Miller\GameSolution\Engine\Debug\obj\link.17960-rc.write.1.tlog
C:\Users\rmiller\Desktop\Quarter8\C++\Labs\GameSkeleton\CSC190Ryan_Miller\GameSolution\Engine\Debug\obj\link.17960.read.1.tlog
C:\Users\rmiller\Desktop\Quarter8\C++\Labs\GameSkeleton\CSC190Ryan_Miller\GameSolution\Engine\Debug\obj\link.17960.write.1.tlog
C:\Users\rmiller\Desktop\Quarter8\C++\Labs\GameSkeleton\CSC190Ryan_Miller\GameSolution\Engine\Debug\obj\link.32-cvtres.read.1.tlog
C:\Users\rmiller\Desktop\Quarter8\C++\Labs\GameSkeleton\CSC190Ryan_Miller\GameSolution\Engine\Debug\obj\link.32-cvtres.write.1.tlog
C:\Users\rmiller\Desktop\Quarter8\C++\Labs\GameSkeleton\CSC190Ryan_Miller\GameSolution\Engine\Debug\obj\link.32-rc.read.1.tlog
C:\Users\rmiller\Desktop\Quarter8\C++\Labs\GameSkeleton\CSC190Ryan_Miller\GameSolution\Engine\Debug\obj\link.32-rc.write.1.tlog
C:\Users\rmiller\Desktop\Quarter8\C++\Labs\GameSkeleton\CSC190Ryan_Miller\GameSolution\Engine\Debug\obj\link.32.read.1.tlog
C:\Users\rmiller\Desktop\Quarter8\C++\Labs\GameSkeleton\CSC190Ryan_Miller\GameSolution\Engine\Debug\obj\link.32.write.1.tlog
C:\Users\rmiller\Desktop\Quarter8\C++\Labs\GameSkeleton\CSC190Ryan_Miller\GameSolution\Engine\Debug\obj\link.6240-cvtres.read.1.tlog
C:\Users\rmiller\Desktop\Quarter8\C++\Labs\GameSkeleton\CSC190Ryan_Miller\GameSolution\Engine\Debug\obj\link.6240-cvtres.write.1.tlog
C:\Users\rmiller\Desktop\Quarter8\C++\Labs\GameSkeleton\CSC190Ryan_Miller\GameSolution\Engine\Debug\obj\link.6240-rc.read.1.tlog
C:\Users\rmiller\Desktop\Quarter8\C++\Labs\GameSkeleton\CSC190Ryan_Miller\GameSolution\Engine\Debug\obj\link.6240-rc.write.1.tlog
C:\Users\rmiller\Desktop\Quarter8\C++\Labs\GameSkeleton\CSC190Ryan_Miller\GameSolution\Engine\Debug\obj\link.6240.read.1.tlog
C:\Users\rmiller\Desktop\Quarter8\C++\Labs\GameSkeleton\CSC190Ryan_Miller\GameSolution\Engine\Debug\obj\link.6240.write.1.tlog
C:\Users\rmiller\Desktop\Quarter8\C++\Labs\GameSkeleton\CSC190Ryan_Miller\GameSolution\Engine\Debug\obj\link.6384-cvtres.read.1.tlog
C:\Users\rmiller\Desktop\Quarter8\C++\Labs\GameSkeleton\CSC190Ryan_Miller\GameSolution\Engine\Debug\obj\link.6384-cvtres.write.1.tlog
C:\Users\rmiller\Desktop\Quarter8\C++\Labs\GameSkeleton\CSC190Ryan_Miller\GameSolution\Engine\Debug\obj\link.6384-rc.read.1.tlog
C:\Users\rmiller\Desktop\Quarter8\C++\Labs\GameSkeleton\CSC190Ryan_Miller\GameSolution\Engine\Debug\obj\link.6384-rc.write.1.tlog
C:\Users\rmiller\Desktop\Quarter8\C++\Labs\GameSkeleton\CSC190Ryan_Miller\GameSolution\Engine\Debug\obj\link.6384.read.1.tlog
C:\Users\rmiller\Desktop\Quarter8\C++\Labs\GameSkeleton\CSC190Ryan_Miller\GameSolution\Engine\Debug\obj\link.6384.write.1.tlog
C:\Users\rmiller\Desktop\Quarter8\C++\Labs\GameSkeleton\CSC190Ryan_Miller\GameSolution\Engine\Debug\obj\link.6488-cvtres.read.1.tlog
C:\Users\rmiller\Desktop\Quarter8\C++\Labs\GameSkeleton\CSC190Ryan_Miller\GameSolution\Engine\Debug\obj\link.6488-cvtres.write.1.tlog
C:\Users\rmiller\Desktop\Quarter8\C++\Labs\GameSkeleton\CSC190Ryan_Miller\GameSolution\Engine\Debug\obj\link.6488-rc.read.1.tlog
C:\Users\rmiller\Desktop\Quarter8\C++\Labs\GameSkeleton\CSC190Ryan_Miller\GameSolution\Engine\Debug\obj\link.6488-rc.write.1.tlog
C:\Users\rmiller\Desktop\Quarter8\C++\Labs\GameSkeleton\CSC190Ryan_Miller\GameSolution\Engine\Debug\obj\link.6488.read.1.tlog
C:\Users\rmiller\Desktop\Quarter8\C++\Labs\GameSkeleton\CSC190Ryan_Miller\GameSolution\Engine\Debug\obj\link.6488.write.1.tlog
C:\Users\rmiller\Desktop\Quarter8\C++\Labs\GameSkeleton\CSC190Ryan_Miller\GameSolution\Engine\Debug\obj\link.6616-cvtres.read.1.tlog
C:\Users\rmiller\Desktop\Quarter8\C++\Labs\GameSkeleton\CSC190Ryan_Miller\GameSolution\Engine\Debug\obj\link.6616-cvtres.write.1.tlog
C:\Users\rmiller\Desktop\Quarter8\C++\Labs\GameSkeleton\CSC190Ryan_Miller\GameSolution\Engine\Debug\obj\link.6616-rc.read.1.tlog
C:\Users\rmiller\Desktop\Quarter8\C++\Labs\GameSkeleton\CSC190Ryan_Miller\GameSolution\Engine\Debug\obj\link.6616-rc.write.1.tlog
C:\Users\rmiller\Desktop\Quarter8\C++\Labs\GameSkeleton\CSC190Ryan_Miller\GameSolution\Engine\Debug\obj\link.6616.read.1.tlog
C:\Users\rmiller\Desktop\Quarter8\C++\Labs\GameSkeleton\CSC190Ryan_Miller\GameSolution\Engine\Debug\obj\link.6616.write.1.tlog
C:\Users\rmiller\Desktop\Quarter8\C++\Labs\GameSkeleton\CSC190Ryan_Miller\GameSolution\Engine\Debug\obj\link.7400-cvtres.read.1.tlog
C:\Users\rmiller\Desktop\Quarter8\C++\Labs\GameSkeleton\CSC190Ryan_Miller\GameSolution\Engine\Debug\obj\link.7400-cvtres.write.1.tlog
C:\Users\rmiller\Desktop\Quarter8\C++\Labs\GameSkeleton\CSC190Ryan_Miller\GameSolution\Engine\Debug\obj\link.7400-rc.read.1.tlog
C:\Users\rmiller\Desktop\Quarter8\C++\Labs\GameSkeleton\CSC190Ryan_Miller\GameSolution\Engine\Debug\obj\link.7400-rc.write.1.tlog
C:\Users\rmiller\Desktop\Quarter8\C++\Labs\GameSkeleton\CSC190Ryan_Miller\GameSolution\Engine\Debug\obj\link.7400.read.1.tlog
C:\Users\rmiller\Desktop\Quarter8\C++\Labs\GameSkeleton\CSC190Ryan_Miller\GameSolution\Engine\Debug\obj\link.7400.write.1.tlog
C:\Users\rmiller\Desktop\Quarter8\C++\Labs\GameSkeleton\CSC190Ryan_Miller\GameSolution\Engine\Debug\obj\link.8480-cvtres.read.1.tlog
C:\Users\rmiller\Desktop\Quarter8\C++\Labs\GameSkeleton\CSC190Ryan_Miller\GameSolution\Engine\Debug\obj\link.8480-cvtres.write.1.tlog
C:\Users\rmiller\Desktop\Quarter8\C++\Labs\GameSkeleton\CSC190Ryan_Miller\GameSolution\Engine\Debug\obj\link.8480-rc.read.1.tlog
C:\Users\rmiller\Desktop\Quarter8\C++\Labs\GameSkeleton\CSC190Ryan_Miller\GameSolution\Engine\Debug\obj\link.8480-rc.write.1.tlog
C:\Users\rmiller\Desktop\Quarter8\C++\Labs\GameSkeleton\CSC190Ryan_Miller\GameSolution\Engine\Debug\obj\link.8480.read.1.tlog
C:\Users\rmiller\Desktop\Quarter8\C++\Labs\GameSkeleton\CSC190Ryan_Miller\GameSolution\Engine\Debug\obj\link.8480.write.1.tlog
C:\Users\rmiller\Desktop\Quarter8\C++\Labs\GameSkeleton\CSC190Ryan_Miller\GameSolution\Engine\Debug\obj\link.8804-cvtres.read.1.tlog
C:\Users\rmiller\Desktop\Quarter8\C++\Labs\GameSkeleton\CSC190Ryan_Miller\GameSolution\Engine\Debug\obj\link.8804-cvtres.write.1.tlog
C:\Users\rmiller\Desktop\Quarter8\C++\Labs\GameSkeleton\CSC190Ryan_Miller\GameSolution\Engine\Debug\obj\link.8804-rc.read.1.tlog
C:\Users\rmiller\Desktop\Quarter8\C++\Labs\GameSkeleton\CSC190Ryan_Miller\GameSolution\Engine\Debug\obj\link.8804-rc.write.1.tlog
C:\Users\rmiller\Desktop\Quarter8\C++\Labs\GameSkeleton\CSC190Ryan_Miller\GameSolution\Engine\Debug\obj\link.8804.read.1.tlog
C:\Users\rmiller\Desktop\Quarter8\C++\Labs\GameSkeleton\CSC190Ryan_Miller\GameSolution\Engine\Debug\obj\link.8804.write.1.tlog
C:\Users\rmiller\Desktop\Quarter8\C++\Labs\GameSkeleton\CSC190Ryan_Miller\GameSolution\Engine\Debug\obj\link.command.1.tlog
C:\Users\rmiller\Desktop\Quarter8\C++\Labs\GameSkeleton\CSC190Ryan_Miller\GameSolution\Engine\Debug\obj\link.read.1.tlog
C:\Users\rmiller\Desktop\Quarter8\C++\Labs\GameSkeleton\CSC190Ryan_Miller\GameSolution\Engine\Debug\obj\link.write.1.tlog
C:\Users\rmiller\Desktop\Quarter8\C++\Labs\GameSkeleton\CSC190Ryan_Miller\GameSolution\Engine\Debug\obj\vc110.idb
C:\Users\rmiller\Desktop\Quarter8\C++\Labs\GameSkeleton\CSC190Ryan_Miller\GameSolution\Engine\Debug\obj\vc110.pdb
C:\Users\rmiller\Desktop\Quarter8\C++\Labs\GameSkeleton\CSC190Ryan_Miller\GameSolution\Debug\Engine.pdb
C:\Users\rmiller\Desktop\Quarter8\C++\Labs\GameSkeleton\CSC190Ryan_Miller\GameSolution\Debug\Engine.dll
C:\Users\rmiller\Desktop\Quarter8\C++\Labs\GameSkeleton\CSC190Ryan_Miller\GameSolution\Debug\Engine.ilk
